{"/Users/stevenrichter/CavesOfOoo/src/js/engine/materials.js": {"path":"/Users/stevenrichter/CavesOfOoo/src/js/engine/materials.js","all":false,"statementMap":{"0":{"start":{"line":1,"column":0},"end":{"line":1,"column":26}},"1":{"start":{"line":2,"column":0},"end":{"line":2,"column":63}},"2":{"start":{"line":3,"column":0},"end":{"line":3,"column":0}},"3":{"start":{"line":4,"column":0},"end":{"line":4,"column":80}},"4":{"start":{"line":5,"column":0},"end":{"line":5,"column":0}},"5":{"start":{"line":6,"column":0},"end":{"line":6,"column":28}},"6":{"start":{"line":7,"column":0},"end":{"line":7,"column":28}},"7":{"start":{"line":8,"column":0},"end":{"line":8,"column":0}},"8":{"start":{"line":9,"column":0},"end":{"line":9,"column":23}},"9":{"start":{"line":10,"column":0},"end":{"line":10,"column":60}},"10":{"start":{"line":11,"column":0},"end":{"line":11,"column":102}},"11":{"start":{"line":12,"column":0},"end":{"line":12,"column":102}},"12":{"start":{"line":13,"column":0},"end":{"line":13,"column":1}},"13":{"start":{"line":14,"column":0},"end":{"line":14,"column":61}},"14":{"start":{"line":15,"column":0},"end":{"line":15,"column":66}},"15":{"start":{"line":16,"column":0},"end":{"line":16,"column":0}},"16":{"start":{"line":17,"column":0},"end":{"line":17,"column":57}},"17":{"start":{"line":18,"column":0},"end":{"line":18,"column":98}},"18":{"start":{"line":19,"column":0},"end":{"line":19,"column":97}},"19":{"start":{"line":20,"column":0},"end":{"line":20,"column":1}},"20":{"start":{"line":21,"column":0},"end":{"line":21,"column":58}},"21":{"start":{"line":22,"column":0},"end":{"line":22,"column":64}},"22":{"start":{"line":23,"column":0},"end":{"line":23,"column":0}},"23":{"start":{"line":24,"column":0},"end":{"line":24,"column":67}},"24":{"start":{"line":25,"column":0},"end":{"line":25,"column":0}},"25":{"start":{"line":26,"column":0},"end":{"line":26,"column":41}},"26":{"start":{"line":27,"column":0},"end":{"line":27,"column":0}},"27":{"start":{"line":28,"column":0},"end":{"line":28,"column":81}},"28":{"start":{"line":29,"column":0},"end":{"line":29,"column":18}},"29":{"start":{"line":30,"column":0},"end":{"line":30,"column":14}},"30":{"start":{"line":31,"column":0},"end":{"line":31,"column":49}},"31":{"start":{"line":32,"column":0},"end":{"line":32,"column":76}},"32":{"start":{"line":33,"column":0},"end":{"line":33,"column":3}},"33":{"start":{"line":34,"column":0},"end":{"line":34,"column":0}},"34":{"start":{"line":35,"column":0},"end":{"line":35,"column":53}},"35":{"start":{"line":36,"column":0},"end":{"line":36,"column":18}},"36":{"start":{"line":37,"column":0},"end":{"line":37,"column":14}},"37":{"start":{"line":38,"column":0},"end":{"line":38,"column":32}},"38":{"start":{"line":39,"column":0},"end":{"line":39,"column":33}},"39":{"start":{"line":40,"column":0},"end":{"line":40,"column":3}},"40":{"start":{"line":41,"column":0},"end":{"line":41,"column":0}},"41":{"start":{"line":42,"column":0},"end":{"line":42,"column":52}},"42":{"start":{"line":43,"column":0},"end":{"line":43,"column":16}},"43":{"start":{"line":44,"column":0},"end":{"line":44,"column":12}},"44":{"start":{"line":45,"column":0},"end":{"line":45,"column":49}},"45":{"start":{"line":46,"column":0},"end":{"line":46,"column":71}},"46":{"start":{"line":47,"column":0},"end":{"line":47,"column":3}},"47":{"start":{"line":48,"column":0},"end":{"line":48,"column":0}},"48":{"start":{"line":49,"column":0},"end":{"line":49,"column":71}},"49":{"start":{"line":50,"column":0},"end":{"line":50,"column":16}},"50":{"start":{"line":51,"column":0},"end":{"line":51,"column":16}},"51":{"start":{"line":52,"column":0},"end":{"line":52,"column":24}},"52":{"start":{"line":53,"column":0},"end":{"line":53,"column":44}},"53":{"start":{"line":54,"column":0},"end":{"line":54,"column":3}}},"s":{"0":1,"1":1,"2":1,"3":1,"4":1,"5":1,"6":1,"7":1,"8":1,"9":1,"10":15,"11":15,"12":15,"13":1,"14":1,"15":1,"16":1,"17":13,"18":13,"19":13,"20":1,"21":1,"22":1,"23":1,"24":1,"25":1,"26":1,"27":1,"28":1,"29":1,"30":1,"31":1,"32":1,"33":1,"34":1,"35":1,"36":1,"37":1,"38":1,"39":1,"40":1,"41":1,"42":1,"43":1,"44":1,"45":1,"46":1,"47":1,"48":1,"49":1,"50":1,"51":1,"52":1,"53":1},"branchMap":{"0":{"type":"branch","line":10,"loc":{"start":{"line":10,"column":7},"end":{"line":13,"column":1}},"locations":[{"start":{"line":10,"column":7},"end":{"line":13,"column":1}}]},"1":{"type":"branch","line":11,"loc":{"start":{"line":11,"column":80},"end":{"line":11,"column":85}},"locations":[{"start":{"line":11,"column":80},"end":{"line":11,"column":85}}]},"2":{"type":"branch","line":12,"loc":{"start":{"line":12,"column":58},"end":{"line":12,"column":63}},"locations":[{"start":{"line":12,"column":58},"end":{"line":12,"column":63}}]},"3":{"type":"branch","line":12,"loc":{"start":{"line":12,"column":90},"end":{"line":12,"column":95}},"locations":[{"start":{"line":12,"column":90},"end":{"line":12,"column":95}}]},"4":{"type":"branch","line":14,"loc":{"start":{"line":14,"column":7},"end":{"line":14,"column":61}},"locations":[{"start":{"line":14,"column":7},"end":{"line":14,"column":61}}]},"5":{"type":"branch","line":15,"loc":{"start":{"line":15,"column":7},"end":{"line":15,"column":66}},"locations":[{"start":{"line":15,"column":7},"end":{"line":15,"column":66}}]},"6":{"type":"branch","line":17,"loc":{"start":{"line":17,"column":7},"end":{"line":20,"column":1}},"locations":[{"start":{"line":17,"column":7},"end":{"line":20,"column":1}}]},"7":{"type":"branch","line":18,"loc":{"start":{"line":18,"column":76},"end":{"line":18,"column":81}},"locations":[{"start":{"line":18,"column":76},"end":{"line":18,"column":81}}]},"8":{"type":"branch","line":19,"loc":{"start":{"line":19,"column":54},"end":{"line":19,"column":59}},"locations":[{"start":{"line":19,"column":54},"end":{"line":19,"column":59}}]},"9":{"type":"branch","line":19,"loc":{"start":{"line":19,"column":85},"end":{"line":19,"column":90}},"locations":[{"start":{"line":19,"column":85},"end":{"line":19,"column":90}}]},"10":{"type":"branch","line":21,"loc":{"start":{"line":21,"column":7},"end":{"line":21,"column":58}},"locations":[{"start":{"line":21,"column":7},"end":{"line":21,"column":58}}]},"11":{"type":"branch","line":22,"loc":{"start":{"line":22,"column":7},"end":{"line":22,"column":64}},"locations":[{"start":{"line":22,"column":7},"end":{"line":22,"column":64}}]},"12":{"type":"branch","line":24,"loc":{"start":{"line":24,"column":7},"end":{"line":24,"column":67}},"locations":[{"start":{"line":24,"column":7},"end":{"line":24,"column":67}}]}},"b":{"0":[15],"1":[4],"2":[4],"3":[5],"4":[10],"5":[4],"6":[13],"7":[2],"8":[2],"9":[5],"10":[9],"11":[4],"12":[21]},"fnMap":{"0":{"name":"registerMaterial","decl":{"start":{"line":10,"column":7},"end":{"line":13,"column":1}},"loc":{"start":{"line":10,"column":7},"end":{"line":13,"column":1}},"line":10},"1":{"name":"getMaterial","decl":{"start":{"line":14,"column":7},"end":{"line":14,"column":61}},"loc":{"start":{"line":14,"column":7},"end":{"line":14,"column":61}},"line":14},"2":{"name":"allMaterials","decl":{"start":{"line":15,"column":7},"end":{"line":15,"column":66}},"loc":{"start":{"line":15,"column":7},"end":{"line":15,"column":66}},"line":15},"3":{"name":"registerStatus","decl":{"start":{"line":17,"column":7},"end":{"line":20,"column":1}},"loc":{"start":{"line":17,"column":7},"end":{"line":20,"column":1}},"line":17},"4":{"name":"getStatus","decl":{"start":{"line":21,"column":7},"end":{"line":21,"column":58}},"loc":{"start":{"line":21,"column":7},"end":{"line":21,"column":58}},"line":21},"5":{"name":"allStatuses","decl":{"start":{"line":22,"column":7},"end":{"line":22,"column":64}},"loc":{"start":{"line":22,"column":7},"end":{"line":22,"column":64}},"line":22},"6":{"name":"clearAll","decl":{"start":{"line":24,"column":7},"end":{"line":24,"column":67}},"loc":{"start":{"line":24,"column":7},"end":{"line":24,"column":67}},"line":24}},"f":{"0":15,"1":10,"2":4,"3":13,"4":9,"5":4,"6":21}}
,"/Users/stevenrichter/CavesOfOoo/src/js/engine/rules.js": {"path":"/Users/stevenrichter/CavesOfOoo/src/js/engine/rules.js","all":false,"statementMap":{"0":{"start":{"line":1,"column":0},"end":{"line":1,"column":22}},"1":{"start":{"line":2,"column":0},"end":{"line":2,"column":63}},"2":{"start":{"line":3,"column":0},"end":{"line":3,"column":0}},"3":{"start":{"line":4,"column":0},"end":{"line":4,"column":17}},"4":{"start":{"line":5,"column":0},"end":{"line":5,"column":0}},"5":{"start":{"line":6,"column":0},"end":{"line":6,"column":20}},"6":{"start":{"line":7,"column":0},"end":{"line":7,"column":27}},"7":{"start":{"line":8,"column":0},"end":{"line":8,"column":14}},"8":{"start":{"line":9,"column":0},"end":{"line":9,"column":41}},"9":{"start":{"line":10,"column":0},"end":{"line":10,"column":31}},"10":{"start":{"line":11,"column":0},"end":{"line":11,"column":32}},"11":{"start":{"line":12,"column":0},"end":{"line":12,"column":36}},"12":{"start":{"line":13,"column":0},"end":{"line":13,"column":32}},"13":{"start":{"line":14,"column":0},"end":{"line":14,"column":5}},"14":{"start":{"line":15,"column":0},"end":{"line":15,"column":1}},"15":{"start":{"line":16,"column":0},"end":{"line":16,"column":0}},"16":{"start":{"line":17,"column":0},"end":{"line":17,"column":56}},"17":{"start":{"line":18,"column":0},"end":{"line":18,"column":62}},"18":{"start":{"line":19,"column":0},"end":{"line":19,"column":86}},"19":{"start":{"line":20,"column":0},"end":{"line":20,"column":1}},"20":{"start":{"line":21,"column":0},"end":{"line":21,"column":0}},"21":{"start":{"line":22,"column":0},"end":{"line":22,"column":42}},"22":{"start":{"line":23,"column":0},"end":{"line":23,"column":18}},"23":{"start":{"line":24,"column":0},"end":{"line":24,"column":83}},"24":{"start":{"line":25,"column":0},"end":{"line":25,"column":30}},"25":{"start":{"line":26,"column":0},"end":{"line":26,"column":61}},"26":{"start":{"line":27,"column":0},"end":{"line":27,"column":70}},"27":{"start":{"line":28,"column":0},"end":{"line":28,"column":65}},"28":{"start":{"line":29,"column":0},"end":{"line":29,"column":31}},"29":{"start":{"line":30,"column":0},"end":{"line":30,"column":99}},"30":{"start":{"line":31,"column":0},"end":{"line":31,"column":49}},"31":{"start":{"line":32,"column":0},"end":{"line":32,"column":48}},"32":{"start":{"line":33,"column":0},"end":{"line":33,"column":2}},"33":{"start":{"line":34,"column":0},"end":{"line":34,"column":0}},"34":{"start":{"line":35,"column":0},"end":{"line":35,"column":39}},"35":{"start":{"line":36,"column":0},"end":{"line":36,"column":18}},"36":{"start":{"line":37,"column":0},"end":{"line":37,"column":88}},"37":{"start":{"line":38,"column":0},"end":{"line":38,"column":77}},"38":{"start":{"line":39,"column":0},"end":{"line":39,"column":87}},"39":{"start":{"line":40,"column":0},"end":{"line":40,"column":43}},"40":{"start":{"line":41,"column":0},"end":{"line":41,"column":28}},"41":{"start":{"line":42,"column":0},"end":{"line":42,"column":88}},"42":{"start":{"line":43,"column":0},"end":{"line":43,"column":5}},"43":{"start":{"line":44,"column":0},"end":{"line":44,"column":4}},"44":{"start":{"line":45,"column":0},"end":{"line":45,"column":97}},"45":{"start":{"line":46,"column":0},"end":{"line":46,"column":81}},"46":{"start":{"line":47,"column":0},"end":{"line":47,"column":2}}},"s":{"0":1,"1":1,"2":1,"3":1,"4":1,"5":1,"6":1,"7":12,"8":12,"9":12,"10":12,"11":12,"12":12,"13":12,"14":12,"15":1,"16":1,"17":1,"18":45,"19":45,"20":1,"21":1,"22":1,"23":1,"24":1,"25":20,"26":1,"27":1,"28":1,"29":1,"30":1,"31":1,"32":1,"33":1,"34":1,"35":1,"36":1,"37":1,"38":1,"39":1,"40":4,"41":3,"42":3,"43":1,"44":1,"45":1,"46":1},"branchMap":{"0":{"type":"branch","line":7,"loc":{"start":{"line":7,"column":7},"end":{"line":15,"column":1}},"locations":[{"start":{"line":7,"column":7},"end":{"line":15,"column":1}}]},"1":{"type":"branch","line":9,"loc":{"start":{"line":9,"column":15},"end":{"line":9,"column":40}},"locations":[{"start":{"line":9,"column":15},"end":{"line":9,"column":40}}]},"2":{"type":"branch","line":10,"loc":{"start":{"line":10,"column":21},"end":{"line":10,"column":30}},"locations":[{"start":{"line":10,"column":21},"end":{"line":10,"column":30}}]},"3":{"type":"branch","line":11,"loc":{"start":{"line":11,"column":27},"end":{"line":11,"column":31}},"locations":[{"start":{"line":11,"column":27},"end":{"line":11,"column":31}}]},"4":{"type":"branch","line":12,"loc":{"start":{"line":12,"column":19},"end":{"line":12,"column":35}},"locations":[{"start":{"line":12,"column":19},"end":{"line":12,"column":35}}]},"5":{"type":"branch","line":13,"loc":{"start":{"line":13,"column":19},"end":{"line":13,"column":32}},"locations":[{"start":{"line":13,"column":19},"end":{"line":13,"column":32}}]},"6":{"type":"branch","line":18,"loc":{"start":{"line":18,"column":7},"end":{"line":20,"column":1}},"locations":[{"start":{"line":18,"column":7},"end":{"line":20,"column":1}}]},"7":{"type":"branch","line":19,"loc":{"start":{"line":19,"column":22},"end":{"line":19,"column":44}},"locations":[{"start":{"line":19,"column":22},"end":{"line":19,"column":44}}]},"8":{"type":"branch","line":19,"loc":{"start":{"line":19,"column":51},"end":{"line":19,"column":84}},"locations":[{"start":{"line":19,"column":51},"end":{"line":19,"column":84}}]},"9":{"type":"branch","line":24,"loc":{"start":{"line":24,"column":13},"end":{"line":24,"column":82}},"locations":[{"start":{"line":24,"column":13},"end":{"line":24,"column":82}}]},"10":{"type":"branch","line":24,"loc":{"start":{"line":24,"column":21},"end":{"line":24,"column":82}},"locations":[{"start":{"line":24,"column":21},"end":{"line":24,"column":82}}]},"11":{"type":"branch","line":24,"loc":{"start":{"line":24,"column":49},"end":{"line":24,"column":55}},"locations":[{"start":{"line":24,"column":49},"end":{"line":24,"column":55}}]},"12":{"type":"branch","line":24,"loc":{"start":{"line":24,"column":74},"end":{"line":24,"column":82}},"locations":[{"start":{"line":24,"column":74},"end":{"line":24,"column":82}}]},"13":{"type":"branch","line":24,"loc":{"start":{"line":24,"column":56},"end":{"line":24,"column":72}},"locations":[{"start":{"line":24,"column":56},"end":{"line":24,"column":72}}]},"14":{"type":"branch","line":25,"loc":{"start":{"line":25,"column":13},"end":{"line":27,"column":69}},"locations":[{"start":{"line":25,"column":13},"end":{"line":27,"column":69}}]},"15":{"type":"branch","line":25,"loc":{"start":{"line":25,"column":22},"end":{"line":27,"column":69}},"locations":[{"start":{"line":25,"column":22},"end":{"line":27,"column":69}}]},"16":{"type":"branch","line":26,"loc":{"start":{"line":26,"column":24},"end":{"line":26,"column":30}},"locations":[{"start":{"line":26,"column":24},"end":{"line":26,"column":30}}]},"17":{"type":"branch","line":26,"loc":{"start":{"line":26,"column":59},"end":{"line":27,"column":59}},"locations":[{"start":{"line":26,"column":59},"end":{"line":27,"column":59}}]},"18":{"type":"branch","line":27,"loc":{"start":{"line":27,"column":25},"end":{"line":27,"column":31}},"locations":[{"start":{"line":27,"column":25},"end":{"line":27,"column":31}}]},"19":{"type":"branch","line":27,"loc":{"start":{"line":27,"column":61},"end":{"line":27,"column":69}},"locations":[{"start":{"line":27,"column":61},"end":{"line":27,"column":69}}]},"20":{"type":"branch","line":26,"loc":{"start":{"line":26,"column":31},"end":{"line":26,"column":57}},"locations":[{"start":{"line":26,"column":31},"end":{"line":26,"column":57}}]},"21":{"type":"branch","line":27,"loc":{"start":{"line":27,"column":32},"end":{"line":27,"column":58}},"locations":[{"start":{"line":27,"column":32},"end":{"line":27,"column":58}}]},"22":{"type":"branch","line":28,"loc":{"start":{"line":28,"column":13},"end":{"line":28,"column":64}},"locations":[{"start":{"line":28,"column":13},"end":{"line":28,"column":64}}]},"23":{"type":"branch","line":28,"loc":{"start":{"line":28,"column":23},"end":{"line":28,"column":64}},"locations":[{"start":{"line":28,"column":23},"end":{"line":28,"column":64}}]},"24":{"type":"branch","line":28,"loc":{"start":{"line":28,"column":49},"end":{"line":28,"column":55}},"locations":[{"start":{"line":28,"column":49},"end":{"line":28,"column":55}}]},"25":{"type":"branch","line":29,"loc":{"start":{"line":29,"column":17},"end":{"line":30,"column":98}},"locations":[{"start":{"line":29,"column":17},"end":{"line":30,"column":98}}]},"26":{"type":"branch","line":29,"loc":{"start":{"line":29,"column":23},"end":{"line":30,"column":98}},"locations":[{"start":{"line":29,"column":23},"end":{"line":30,"column":98}}]},"27":{"type":"branch","line":30,"loc":{"start":{"line":30,"column":32},"end":{"line":30,"column":98}},"locations":[{"start":{"line":30,"column":32},"end":{"line":30,"column":98}}]},"28":{"type":"branch","line":30,"loc":{"start":{"line":30,"column":58},"end":{"line":30,"column":62}},"locations":[{"start":{"line":30,"column":58},"end":{"line":30,"column":62}}]},"29":{"type":"branch","line":30,"loc":{"start":{"line":30,"column":91},"end":{"line":30,"column":97}},"locations":[{"start":{"line":30,"column":91},"end":{"line":30,"column":97}}]},"30":{"type":"branch","line":31,"loc":{"start":{"line":31,"column":7},"end":{"line":31,"column":48}},"locations":[{"start":{"line":31,"column":7},"end":{"line":31,"column":48}}]},"31":{"type":"branch","line":31,"loc":{"start":{"line":31,"column":18},"end":{"line":31,"column":48}},"locations":[{"start":{"line":31,"column":18},"end":{"line":31,"column":48}}]},"32":{"type":"branch","line":31,"loc":{"start":{"line":31,"column":36},"end":{"line":31,"column":47}},"locations":[{"start":{"line":31,"column":36},"end":{"line":31,"column":47}}]},"33":{"type":"branch","line":32,"loc":{"start":{"line":32,"column":7},"end":{"line":32,"column":47}},"locations":[{"start":{"line":32,"column":7},"end":{"line":32,"column":47}}]},"34":{"type":"branch","line":32,"loc":{"start":{"line":32,"column":18},"end":{"line":32,"column":47}},"locations":[{"start":{"line":32,"column":18},"end":{"line":32,"column":47}}]},"35":{"type":"branch","line":32,"loc":{"start":{"line":32,"column":35},"end":{"line":32,"column":46}},"locations":[{"start":{"line":32,"column":35},"end":{"line":32,"column":46}}]},"36":{"type":"branch","line":37,"loc":{"start":{"line":37,"column":13},"end":{"line":37,"column":87}},"locations":[{"start":{"line":37,"column":13},"end":{"line":37,"column":87}}]},"37":{"type":"branch","line":37,"loc":{"start":{"line":37,"column":31},"end":{"line":37,"column":87}},"locations":[{"start":{"line":37,"column":31},"end":{"line":37,"column":87}}]},"38":{"type":"branch","line":38,"loc":{"start":{"line":38,"column":16},"end":{"line":38,"column":76}},"locations":[{"start":{"line":38,"column":16},"end":{"line":38,"column":76}}]},"39":{"type":"branch","line":38,"loc":{"start":{"line":38,"column":24},"end":{"line":38,"column":76}},"locations":[{"start":{"line":38,"column":24},"end":{"line":38,"column":76}}]},"40":{"type":"branch","line":39,"loc":{"start":{"line":39,"column":10},"end":{"line":39,"column":86}},"locations":[{"start":{"line":39,"column":10},"end":{"line":39,"column":86}}]},"41":{"type":"branch","line":39,"loc":{"start":{"line":39,"column":29},"end":{"line":39,"column":86}},"locations":[{"start":{"line":39,"column":29},"end":{"line":39,"column":86}}]},"42":{"type":"branch","line":40,"loc":{"start":{"line":40,"column":23},"end":{"line":44,"column":3}},"locations":[{"start":{"line":40,"column":23},"end":{"line":44,"column":3}}]},"43":{"type":"branch","line":40,"loc":{"start":{"line":40,"column":33},"end":{"line":44,"column":3}},"locations":[{"start":{"line":40,"column":33},"end":{"line":44,"column":3}}]},"44":{"type":"branch","line":41,"loc":{"start":{"line":41,"column":27},"end":{"line":43,"column":5}},"locations":[{"start":{"line":41,"column":27},"end":{"line":43,"column":5}}]},"45":{"type":"branch","line":45,"loc":{"start":{"line":45,"column":18},"end":{"line":45,"column":96}},"locations":[{"start":{"line":45,"column":18},"end":{"line":45,"column":96}}]},"46":{"type":"branch","line":45,"loc":{"start":{"line":45,"column":37},"end":{"line":45,"column":96}},"locations":[{"start":{"line":45,"column":37},"end":{"line":45,"column":96}}]},"47":{"type":"branch","line":46,"loc":{"start":{"line":46,"column":9},"end":{"line":46,"column":80}},"locations":[{"start":{"line":46,"column":9},"end":{"line":46,"column":80}}]},"48":{"type":"branch","line":46,"loc":{"start":{"line":46,"column":26},"end":{"line":46,"column":80}},"locations":[{"start":{"line":46,"column":26},"end":{"line":46,"column":80}}]}},"b":{"0":[12],"1":[0],"2":[0],"3":[0],"4":[0],"5":[0],"6":[45],"7":[228],"8":[15],"9":[31],"10":[30],"11":[29],"12":[17],"13":[22],"14":[20],"15":[20],"16":[19],"17":[10],"18":[7],"19":[5],"20":[15],"21":[6],"22":[17],"23":[17],"24":[13],"25":[4],"26":[4],"27":[3],"28":[0],"29":[1],"30":[3],"31":[3],"32":[4],"33":[3],"34":[3],"35":[3],"36":[2],"37":[2],"38":[9],"39":[9],"40":[1],"41":[1],"42":[4],"43":[4],"44":[3],"45":[2],"46":[2],"47":[1],"48":[1]},"fnMap":{"0":{"name":"rule","decl":{"start":{"line":7,"column":7},"end":{"line":15,"column":1}},"loc":{"start":{"line":7,"column":7},"end":{"line":15,"column":1}},"line":7},"1":{"name":"getRulesForPhase","decl":{"start":{"line":18,"column":7},"end":{"line":20,"column":1}},"loc":{"start":{"line":18,"column":7},"end":{"line":20,"column":1}},"line":18},"2":{"name":"hasStatus","decl":{"start":{"line":24,"column":13},"end":{"line":24,"column":82}},"loc":{"start":{"line":24,"column":13},"end":{"line":24,"column":82}},"line":24},"3":{"name":"hasAnyTag","decl":{"start":{"line":25,"column":13},"end":{"line":27,"column":69}},"loc":{"start":{"line":25,"column":13},"end":{"line":27,"column":69}},"line":25},"4":{"name":"dmgTypeIs","decl":{"start":{"line":28,"column":13},"end":{"line":28,"column":64}},"loc":{"start":{"line":28,"column":13},"end":{"line":28,"column":64}},"line":28},"5":{"name":"exposedToFire","decl":{"start":{"line":29,"column":17},"end":{"line":30,"column":98}},"loc":{"start":{"line":29,"column":17},"end":{"line":30,"column":98}},"line":29},"6":{"name":"and","decl":{"start":{"line":31,"column":7},"end":{"line":31,"column":48}},"loc":{"start":{"line":31,"column":7},"end":{"line":31,"column":48}},"line":31},"7":{"name":"or","decl":{"start":{"line":32,"column":7},"end":{"line":32,"column":47}},"loc":{"start":{"line":32,"column":7},"end":{"line":32,"column":47}},"line":32},"8":{"name":"addStatus","decl":{"start":{"line":37,"column":13},"end":{"line":37,"column":87}},"loc":{"start":{"line":37,"column":13},"end":{"line":37,"column":87}},"line":37},"9":{"name":"removeStatus","decl":{"start":{"line":38,"column":16},"end":{"line":38,"column":76}},"loc":{"start":{"line":38,"column":16},"end":{"line":38,"column":76}},"line":38},"10":{"name":"damage","decl":{"start":{"line":39,"column":10},"end":{"line":39,"column":86}},"loc":{"start":{"line":39,"column":10},"end":{"line":39,"column":86}},"line":39},"11":{"name":"scaleIncomingDamage","decl":{"start":{"line":40,"column":23},"end":{"line":44,"column":3}},"loc":{"start":{"line":40,"column":23},"end":{"line":44,"column":3}},"line":40},"12":{"name":"consumeCoating","decl":{"start":{"line":45,"column":18},"end":{"line":45,"column":96}},"loc":{"start":{"line":45,"column":18},"end":{"line":45,"column":96}},"line":45},"13":{"name":"spawn","decl":{"start":{"line":46,"column":9},"end":{"line":46,"column":80}},"loc":{"start":{"line":46,"column":9},"end":{"line":46,"column":80}},"line":46}},"f":{"0":12,"1":45,"2":31,"3":20,"4":17,"5":4,"6":3,"7":3,"8":2,"9":9,"10":1,"11":4,"12":2,"13":1}}
,"/Users/stevenrichter/CavesOfOoo/src/js/engine/sim.js": {"path":"/Users/stevenrichter/CavesOfOoo/src/js/engine/sim.js","all":false,"statementMap":{"0":{"start":{"line":1,"column":0},"end":{"line":1,"column":20}},"1":{"start":{"line":2,"column":0},"end":{"line":2,"column":59}},"2":{"start":{"line":3,"column":0},"end":{"line":3,"column":0}},"3":{"start":{"line":4,"column":0},"end":{"line":4,"column":98}},"4":{"start":{"line":5,"column":0},"end":{"line":5,"column":0}},"5":{"start":{"line":6,"column":0},"end":{"line":6,"column":3}},"6":{"start":{"line":7,"column":0},"end":{"line":7,"column":9}},"7":{"start":{"line":8,"column":0},"end":{"line":8,"column":65}},"8":{"start":{"line":9,"column":0},"end":{"line":9,"column":39}},"9":{"start":{"line":10,"column":0},"end":{"line":10,"column":4}},"10":{"start":{"line":11,"column":0},"end":{"line":11,"column":3}},"11":{"start":{"line":12,"column":0},"end":{"line":12,"column":52}},"12":{"start":{"line":13,"column":0},"end":{"line":13,"column":57}},"13":{"start":{"line":14,"column":0},"end":{"line":14,"column":30}},"14":{"start":{"line":15,"column":0},"end":{"line":15,"column":40}},"15":{"start":{"line":16,"column":0},"end":{"line":16,"column":0}},"16":{"start":{"line":17,"column":0},"end":{"line":17,"column":71}},"17":{"start":{"line":18,"column":0},"end":{"line":18,"column":70}},"18":{"start":{"line":19,"column":0},"end":{"line":19,"column":0}},"19":{"start":{"line":20,"column":0},"end":{"line":20,"column":23}},"20":{"start":{"line":21,"column":0},"end":{"line":21,"column":26}},"21":{"start":{"line":22,"column":0},"end":{"line":22,"column":9}},"22":{"start":{"line":23,"column":0},"end":{"line":23,"column":34}},"23":{"start":{"line":24,"column":0},"end":{"line":24,"column":20}},"24":{"start":{"line":25,"column":0},"end":{"line":25,"column":23}},"25":{"start":{"line":26,"column":0},"end":{"line":26,"column":81}},"26":{"start":{"line":27,"column":0},"end":{"line":27,"column":40}},"27":{"start":{"line":28,"column":0},"end":{"line":28,"column":20}},"28":{"start":{"line":29,"column":0},"end":{"line":29,"column":48}},"29":{"start":{"line":30,"column":0},"end":{"line":30,"column":24}},"30":{"start":{"line":31,"column":0},"end":{"line":31,"column":50}},"31":{"start":{"line":32,"column":0},"end":{"line":32,"column":99}},"32":{"start":{"line":33,"column":0},"end":{"line":33,"column":16}},"33":{"start":{"line":34,"column":0},"end":{"line":34,"column":84}},"34":{"start":{"line":35,"column":0},"end":{"line":35,"column":9}},"35":{"start":{"line":36,"column":0},"end":{"line":36,"column":48}},"36":{"start":{"line":37,"column":0},"end":{"line":37,"column":56}},"37":{"start":{"line":38,"column":0},"end":{"line":38,"column":73}},"38":{"start":{"line":39,"column":0},"end":{"line":39,"column":16}},"39":{"start":{"line":40,"column":0},"end":{"line":40,"column":9}},"40":{"start":{"line":41,"column":0},"end":{"line":41,"column":7}},"41":{"start":{"line":42,"column":0},"end":{"line":42,"column":19}},"42":{"start":{"line":43,"column":0},"end":{"line":43,"column":78}},"43":{"start":{"line":44,"column":0},"end":{"line":44,"column":33}},"44":{"start":{"line":45,"column":0},"end":{"line":45,"column":5}},"45":{"start":{"line":46,"column":0},"end":{"line":46,"column":3}},"46":{"start":{"line":47,"column":0},"end":{"line":47,"column":2}},"47":{"start":{"line":48,"column":0},"end":{"line":48,"column":27}},"48":{"start":{"line":49,"column":0},"end":{"line":49,"column":66}},"49":{"start":{"line":50,"column":0},"end":{"line":50,"column":3}},"50":{"start":{"line":51,"column":0},"end":{"line":51,"column":86}},"51":{"start":{"line":52,"column":0},"end":{"line":52,"column":19}},"52":{"start":{"line":53,"column":0},"end":{"line":53,"column":1}},"53":{"start":{"line":54,"column":0},"end":{"line":54,"column":0}},"54":{"start":{"line":55,"column":0},"end":{"line":55,"column":54}},"55":{"start":{"line":56,"column":0},"end":{"line":56,"column":27}},"56":{"start":{"line":57,"column":0},"end":{"line":57,"column":30}},"57":{"start":{"line":58,"column":0},"end":{"line":58,"column":69}},"58":{"start":{"line":59,"column":0},"end":{"line":59,"column":23}},"59":{"start":{"line":60,"column":0},"end":{"line":60,"column":3}},"60":{"start":{"line":61,"column":0},"end":{"line":61,"column":19}},"61":{"start":{"line":62,"column":0},"end":{"line":62,"column":1}}},"s":{"0":1,"1":1,"2":1,"3":1,"4":1,"5":1,"6":1,"7":1,"8":1,"9":1,"10":1,"11":1,"12":45,"13":45,"14":45,"15":45,"16":45,"17":45,"18":45,"19":45,"20":45,"21":46,"22":46,"23":46,"24":14,"25":14,"26":14,"27":14,"28":14,"29":14,"30":8,"31":8,"32":12,"33":6,"34":6,"35":14,"36":14,"37":0,"38":0,"39":0,"40":14,"41":46,"42":0,"43":0,"44":0,"45":46,"46":45,"47":45,"48":31,"49":31,"50":45,"51":45,"52":45,"53":1,"54":1,"55":3,"56":9,"57":9,"58":9,"59":9,"60":3,"61":3},"branchMap":{"0":{"type":"branch","line":12,"loc":{"start":{"line":12,"column":7},"end":{"line":53,"column":1}},"locations":[{"start":{"line":12,"column":7},"end":{"line":53,"column":1}}]},"1":{"type":"branch","line":14,"loc":{"start":{"line":14,"column":24},"end":{"line":14,"column":29}},"locations":[{"start":{"line":14,"column":24},"end":{"line":14,"column":29}}]},"2":{"type":"branch","line":21,"loc":{"start":{"line":21,"column":25},"end":{"line":46,"column":3}},"locations":[{"start":{"line":21,"column":25},"end":{"line":46,"column":3}}]},"3":{"type":"branch","line":24,"loc":{"start":{"line":24,"column":19},"end":{"line":41,"column":7}},"locations":[{"start":{"line":24,"column":19},"end":{"line":41,"column":7}}]},"4":{"type":"branch","line":30,"loc":{"start":{"line":30,"column":23},"end":{"line":35,"column":9}},"locations":[{"start":{"line":30,"column":23},"end":{"line":35,"column":9}}]},"5":{"type":"branch","line":30,"loc":{"start":{"line":30,"column":23},"end":{"line":33,"column":9}},"locations":[{"start":{"line":30,"column":23},"end":{"line":33,"column":9}}]},"6":{"type":"branch","line":33,"loc":{"start":{"line":33,"column":9},"end":{"line":35,"column":9}},"locations":[{"start":{"line":33,"column":9},"end":{"line":35,"column":9}}]},"7":{"type":"branch","line":37,"loc":{"start":{"line":37,"column":55},"end":{"line":40,"column":9}},"locations":[{"start":{"line":37,"column":55},"end":{"line":40,"column":9}}]},"8":{"type":"branch","line":42,"loc":{"start":{"line":42,"column":6},"end":{"line":45,"column":5}},"locations":[{"start":{"line":42,"column":6},"end":{"line":45,"column":5}}]},"9":{"type":"branch","line":48,"loc":{"start":{"line":48,"column":26},"end":{"line":50,"column":3}},"locations":[{"start":{"line":48,"column":26},"end":{"line":50,"column":3}}]},"10":{"type":"branch","line":32,"loc":{"start":{"line":32,"column":72},"end":{"line":32,"column":83}},"locations":[{"start":{"line":32,"column":72},"end":{"line":32,"column":83}}]},"11":{"type":"branch","line":37,"loc":{"start":{"line":37,"column":25},"end":{"line":37,"column":52}},"locations":[{"start":{"line":37,"column":25},"end":{"line":37,"column":52}}]},"12":{"type":"branch","line":55,"loc":{"start":{"line":55,"column":7},"end":{"line":62,"column":1}},"locations":[{"start":{"line":55,"column":7},"end":{"line":62,"column":1}}]},"13":{"type":"branch","line":56,"loc":{"start":{"line":56,"column":26},"end":{"line":60,"column":3}},"locations":[{"start":{"line":56,"column":26},"end":{"line":60,"column":3}}]},"14":{"type":"branch","line":59,"loc":{"start":{"line":59,"column":17},"end":{"line":59,"column":23}},"locations":[{"start":{"line":59,"column":17},"end":{"line":59,"column":23}}]}},"b":{"0":[45],"1":[1],"2":[46],"3":[14],"4":[12],"5":[8],"6":[6],"7":[0],"8":[0],"9":[31],"10":[17],"11":[17],"12":[3],"13":[9],"14":[0]},"fnMap":{"0":{"name":"runPhase","decl":{"start":{"line":12,"column":7},"end":{"line":53,"column":1}},"loc":{"start":{"line":12,"column":7},"end":{"line":53,"column":1}},"line":12},"1":{"name":"runPhases","decl":{"start":{"line":55,"column":7},"end":{"line":62,"column":1}},"loc":{"start":{"line":55,"column":7},"end":{"line":62,"column":1}},"line":55}},"f":{"0":45,"1":3}}
,"/Users/stevenrichter/CavesOfOoo/src/js/engine/statusDefinitions.js": {"path":"/Users/stevenrichter/CavesOfOoo/src/js/engine/statusDefinitions.js","all":true,"statementMap":{"0":{"start":{"line":1,"column":0},"end":{"line":1,"column":34}},"1":{"start":{"line":2,"column":0},"end":{"line":2,"column":48}},"2":{"start":{"line":3,"column":0},"end":{"line":3,"column":0}},"3":{"start":{"line":4,"column":0},"end":{"line":4,"column":39}},"4":{"start":{"line":5,"column":0},"end":{"line":5,"column":29}},"5":{"start":{"line":6,"column":0},"end":{"line":6,"column":18}},"6":{"start":{"line":7,"column":0},"end":{"line":7,"column":14}},"7":{"start":{"line":8,"column":0},"end":{"line":8,"column":49}},"8":{"start":{"line":9,"column":0},"end":{"line":9,"column":60}},"9":{"start":{"line":10,"column":0},"end":{"line":10,"column":5}},"10":{"start":{"line":11,"column":0},"end":{"line":11,"column":18}},"11":{"start":{"line":12,"column":0},"end":{"line":12,"column":21}},"12":{"start":{"line":13,"column":0},"end":{"line":13,"column":36}},"13":{"start":{"line":14,"column":0},"end":{"line":14,"column":32}},"14":{"start":{"line":15,"column":0},"end":{"line":15,"column":5}},"15":{"start":{"line":16,"column":0},"end":{"line":16,"column":0}},"16":{"start":{"line":17,"column":0},"end":{"line":17,"column":27}},"17":{"start":{"line":18,"column":0},"end":{"line":18,"column":18}},"18":{"start":{"line":19,"column":0},"end":{"line":19,"column":15}},"19":{"start":{"line":20,"column":0},"end":{"line":20,"column":31}},"20":{"start":{"line":21,"column":0},"end":{"line":21,"column":45}},"21":{"start":{"line":22,"column":0},"end":{"line":22,"column":5}},"22":{"start":{"line":23,"column":0},"end":{"line":23,"column":18}},"23":{"start":{"line":24,"column":0},"end":{"line":24,"column":17}},"24":{"start":{"line":25,"column":0},"end":{"line":25,"column":26}},"25":{"start":{"line":26,"column":0},"end":{"line":26,"column":45}},"26":{"start":{"line":27,"column":0},"end":{"line":27,"column":5}},"27":{"start":{"line":28,"column":0},"end":{"line":28,"column":18}},"28":{"start":{"line":29,"column":0},"end":{"line":29,"column":16}},"29":{"start":{"line":30,"column":0},"end":{"line":30,"column":40}},"30":{"start":{"line":31,"column":0},"end":{"line":31,"column":45}},"31":{"start":{"line":32,"column":0},"end":{"line":32,"column":5}},"32":{"start":{"line":33,"column":0},"end":{"line":33,"column":18}},"33":{"start":{"line":34,"column":0},"end":{"line":34,"column":16}},"34":{"start":{"line":35,"column":0},"end":{"line":35,"column":29}},"35":{"start":{"line":36,"column":0},"end":{"line":36,"column":45}},"36":{"start":{"line":37,"column":0},"end":{"line":37,"column":5}},"37":{"start":{"line":38,"column":0},"end":{"line":38,"column":0}},"38":{"start":{"line":39,"column":0},"end":{"line":39,"column":12}},"39":{"start":{"line":40,"column":0},"end":{"line":40,"column":18}},"40":{"start":{"line":41,"column":0},"end":{"line":41,"column":17}},"41":{"start":{"line":42,"column":0},"end":{"line":42,"column":41}},"42":{"start":{"line":43,"column":0},"end":{"line":43,"column":57}},"43":{"start":{"line":44,"column":0},"end":{"line":44,"column":5}},"44":{"start":{"line":45,"column":0},"end":{"line":45,"column":0}},"45":{"start":{"line":46,"column":0},"end":{"line":46,"column":20}},"46":{"start":{"line":47,"column":0},"end":{"line":47,"column":18}},"47":{"start":{"line":48,"column":0},"end":{"line":48,"column":17}},"48":{"start":{"line":49,"column":0},"end":{"line":49,"column":32}},"49":{"start":{"line":50,"column":0},"end":{"line":50,"column":52}},"50":{"start":{"line":51,"column":0},"end":{"line":51,"column":5}},"51":{"start":{"line":52,"column":0},"end":{"line":52,"column":18}},"52":{"start":{"line":53,"column":0},"end":{"line":53,"column":16}},"53":{"start":{"line":54,"column":0},"end":{"line":54,"column":29}},"54":{"start":{"line":55,"column":0},"end":{"line":55,"column":52}},"55":{"start":{"line":56,"column":0},"end":{"line":56,"column":5}},"56":{"start":{"line":57,"column":0},"end":{"line":57,"column":1}},"57":{"start":{"line":58,"column":0},"end":{"line":58,"column":0}},"58":{"start":{"line":59,"column":0},"end":{"line":59,"column":58}},"59":{"start":{"line":60,"column":0},"end":{"line":60,"column":22}}},"s":{"0":0,"1":0,"2":0,"3":0,"4":0,"5":0,"6":0,"7":0,"8":0,"9":0,"10":0,"11":0,"12":0,"13":0,"14":0,"15":0,"16":0,"17":0,"18":0,"19":0,"20":0,"21":0,"22":0,"23":0,"24":0,"25":0,"26":0,"27":0,"28":0,"29":0,"30":0,"31":0,"32":0,"33":0,"34":0,"35":0,"36":0,"37":0,"38":0,"39":0,"40":0,"41":0,"42":0,"43":0,"44":0,"45":0,"46":0,"47":0,"48":0,"49":0,"50":0,"51":0,"52":0,"53":0,"54":0,"55":0,"56":0,"57":0,"58":0,"59":0},"branchMap":{"0":{"type":"branch","line":1,"loc":{"start":{"line":1,"column":0},"end":{"line":60,"column":-221}},"locations":[{"start":{"line":1,"column":0},"end":{"line":60,"column":-221}}]}},"b":{"0":[0]},"fnMap":{"0":{"name":"(empty-report)","decl":{"start":{"line":1,"column":0},"end":{"line":60,"column":-221}},"loc":{"start":{"line":1,"column":0},"end":{"line":60,"column":-221}},"line":1}},"f":{"0":0}}
,"/Users/stevenrichter/CavesOfOoo/src/js/engine/statusRegistry.js": {"path":"/Users/stevenrichter/CavesOfOoo/src/js/engine/statusRegistry.js","all":true,"statementMap":{"0":{"start":{"line":1,"column":0},"end":{"line":1,"column":67}},"1":{"start":{"line":2,"column":0},"end":{"line":2,"column":91}},"2":{"start":{"line":3,"column":0},"end":{"line":3,"column":0}},"3":{"start":{"line":4,"column":0},"end":{"line":4,"column":39}},"4":{"start":{"line":5,"column":0},"end":{"line":5,"column":29}},"5":{"start":{"line":6,"column":0},"end":{"line":6,"column":0}},"6":{"start":{"line":7,"column":0},"end":{"line":7,"column":37}},"7":{"start":{"line":8,"column":0},"end":{"line":8,"column":33}},"8":{"start":{"line":9,"column":0},"end":{"line":9,"column":22}},"9":{"start":{"line":10,"column":0},"end":{"line":10,"column":34}},"10":{"start":{"line":11,"column":0},"end":{"line":11,"column":33}},"11":{"start":{"line":12,"column":0},"end":{"line":12,"column":3}},"12":{"start":{"line":13,"column":0},"end":{"line":13,"column":18}},"13":{"start":{"line":14,"column":0},"end":{"line":14,"column":1}},"14":{"start":{"line":15,"column":0},"end":{"line":15,"column":0}},"15":{"start":{"line":16,"column":0},"end":{"line":16,"column":34}},"16":{"start":{"line":17,"column":0},"end":{"line":17,"column":38}},"17":{"start":{"line":18,"column":0},"end":{"line":18,"column":1}},"18":{"start":{"line":19,"column":0},"end":{"line":19,"column":0}},"19":{"start":{"line":20,"column":0},"end":{"line":20,"column":35}},"20":{"start":{"line":21,"column":0},"end":{"line":21,"column":25}},"21":{"start":{"line":22,"column":0},"end":{"line":22,"column":28}},"22":{"start":{"line":23,"column":0},"end":{"line":23,"column":1}},"23":{"start":{"line":24,"column":0},"end":{"line":24,"column":0}},"24":{"start":{"line":25,"column":0},"end":{"line":25,"column":36}},"25":{"start":{"line":26,"column":0},"end":{"line":26,"column":25}},"26":{"start":{"line":27,"column":0},"end":{"line":27,"column":29}},"27":{"start":{"line":28,"column":0},"end":{"line":28,"column":1}}},"s":{"0":0,"1":0,"2":0,"3":0,"4":0,"5":0,"6":0,"7":0,"8":0,"9":0,"10":0,"11":0,"12":0,"13":0,"14":0,"15":0,"16":0,"17":0,"18":0,"19":0,"20":0,"21":0,"22":0,"23":0,"24":0,"25":0,"26":0,"27":0},"branchMap":{"0":{"type":"branch","line":1,"loc":{"start":{"line":1,"column":0},"end":{"line":28,"column":-375}},"locations":[{"start":{"line":1,"column":0},"end":{"line":28,"column":-375}}]}},"b":{"0":[0]},"fnMap":{"0":{"name":"(empty-report)","decl":{"start":{"line":1,"column":0},"end":{"line":28,"column":-375}},"loc":{"start":{"line":1,"column":0},"end":{"line":28,"column":-375}},"line":1}},"f":{"0":0}}
,"/Users/stevenrichter/CavesOfOoo/src/js/engine/statusRules.js": {"path":"/Users/stevenrichter/CavesOfOoo/src/js/engine/statusRules.js","all":false,"statementMap":{"0":{"start":{"line":1,"column":0},"end":{"line":1,"column":28}},"1":{"start":{"line":2,"column":0},"end":{"line":2,"column":53}},"2":{"start":{"line":3,"column":0},"end":{"line":3,"column":0}},"3":{"start":{"line":4,"column":0},"end":{"line":4,"column":77}},"4":{"start":{"line":5,"column":0},"end":{"line":5,"column":29}},"5":{"start":{"line":6,"column":0},"end":{"line":6,"column":0}},"6":{"start":{"line":7,"column":0},"end":{"line":7,"column":78}},"7":{"start":{"line":8,"column":0},"end":{"line":8,"column":6}},"8":{"start":{"line":9,"column":0},"end":{"line":9,"column":33}},"9":{"start":{"line":10,"column":0},"end":{"line":10,"column":21}},"10":{"start":{"line":11,"column":0},"end":{"line":11,"column":16}},"11":{"start":{"line":12,"column":0},"end":{"line":12,"column":18}},"12":{"start":{"line":13,"column":0},"end":{"line":13,"column":57}},"13":{"start":{"line":14,"column":0},"end":{"line":14,"column":52}},"14":{"start":{"line":15,"column":0},"end":{"line":15,"column":49}},"15":{"start":{"line":16,"column":0},"end":{"line":16,"column":107}},"16":{"start":{"line":17,"column":0},"end":{"line":17,"column":5}},"17":{"start":{"line":18,"column":0},"end":{"line":18,"column":39}},"18":{"start":{"line":19,"column":0},"end":{"line":19,"column":4}},"19":{"start":{"line":20,"column":0},"end":{"line":20,"column":18}},"20":{"start":{"line":21,"column":0},"end":{"line":21,"column":82}},"21":{"start":{"line":22,"column":0},"end":{"line":22,"column":71}},"22":{"start":{"line":23,"column":0},"end":{"line":23,"column":3}},"23":{"start":{"line":24,"column":0},"end":{"line":24,"column":3}},"24":{"start":{"line":25,"column":0},"end":{"line":25,"column":0}},"25":{"start":{"line":26,"column":0},"end":{"line":26,"column":21}},"26":{"start":{"line":27,"column":0},"end":{"line":27,"column":6}},"27":{"start":{"line":28,"column":0},"end":{"line":28,"column":17}},"28":{"start":{"line":29,"column":0},"end":{"line":29,"column":16}},"29":{"start":{"line":30,"column":0},"end":{"line":30,"column":15}},"30":{"start":{"line":31,"column":0},"end":{"line":31,"column":59}},"31":{"start":{"line":32,"column":0},"end":{"line":32,"column":18}},"32":{"start":{"line":33,"column":0},"end":{"line":33,"column":81}},"33":{"start":{"line":34,"column":0},"end":{"line":34,"column":27}},"34":{"start":{"line":35,"column":0},"end":{"line":35,"column":44}},"35":{"start":{"line":36,"column":0},"end":{"line":36,"column":29}},"36":{"start":{"line":37,"column":0},"end":{"line":37,"column":5}},"37":{"start":{"line":38,"column":0},"end":{"line":38,"column":3}},"38":{"start":{"line":39,"column":0},"end":{"line":39,"column":3}},"39":{"start":{"line":40,"column":0},"end":{"line":40,"column":0}},"40":{"start":{"line":41,"column":0},"end":{"line":41,"column":31}},"41":{"start":{"line":42,"column":0},"end":{"line":42,"column":6}},"42":{"start":{"line":43,"column":0},"end":{"line":43,"column":28}},"43":{"start":{"line":44,"column":0},"end":{"line":44,"column":19}},"44":{"start":{"line":45,"column":0},"end":{"line":45,"column":16}},"45":{"start":{"line":46,"column":0},"end":{"line":46,"column":44}},"46":{"start":{"line":47,"column":0},"end":{"line":47,"column":79}},"47":{"start":{"line":48,"column":0},"end":{"line":48,"column":3}},"48":{"start":{"line":49,"column":0},"end":{"line":49,"column":0}},"49":{"start":{"line":50,"column":0},"end":{"line":50,"column":33}},"50":{"start":{"line":51,"column":0},"end":{"line":51,"column":6}},"51":{"start":{"line":52,"column":0},"end":{"line":52,"column":28}},"52":{"start":{"line":53,"column":0},"end":{"line":53,"column":17}},"53":{"start":{"line":54,"column":0},"end":{"line":54,"column":15}},"54":{"start":{"line":55,"column":0},"end":{"line":55,"column":16}},"55":{"start":{"line":56,"column":0},"end":{"line":56,"column":40}},"56":{"start":{"line":57,"column":0},"end":{"line":57,"column":86}},"57":{"start":{"line":58,"column":0},"end":{"line":58,"column":60}},"58":{"start":{"line":59,"column":0},"end":{"line":59,"column":18}},"59":{"start":{"line":60,"column":0},"end":{"line":60,"column":31}},"60":{"start":{"line":61,"column":0},"end":{"line":61,"column":34}},"61":{"start":{"line":62,"column":0},"end":{"line":62,"column":78}},"62":{"start":{"line":63,"column":0},"end":{"line":63,"column":3}},"63":{"start":{"line":64,"column":0},"end":{"line":64,"column":3}},"64":{"start":{"line":65,"column":0},"end":{"line":65,"column":0}},"65":{"start":{"line":66,"column":0},"end":{"line":66,"column":43}},"66":{"start":{"line":67,"column":0},"end":{"line":67,"column":6}},"67":{"start":{"line":68,"column":0},"end":{"line":68,"column":36}},"68":{"start":{"line":69,"column":0},"end":{"line":69,"column":17}},"69":{"start":{"line":70,"column":0},"end":{"line":70,"column":15}},"70":{"start":{"line":71,"column":0},"end":{"line":71,"column":16}},"71":{"start":{"line":72,"column":0},"end":{"line":72,"column":40}},"72":{"start":{"line":73,"column":0},"end":{"line":73,"column":40}},"73":{"start":{"line":74,"column":0},"end":{"line":74,"column":29}},"74":{"start":{"line":75,"column":0},"end":{"line":75,"column":18}},"75":{"start":{"line":76,"column":0},"end":{"line":76,"column":32}},"76":{"start":{"line":77,"column":0},"end":{"line":77,"column":77}},"77":{"start":{"line":78,"column":0},"end":{"line":78,"column":3}},"78":{"start":{"line":79,"column":0},"end":{"line":79,"column":3}},"79":{"start":{"line":80,"column":0},"end":{"line":80,"column":0}},"80":{"start":{"line":81,"column":0},"end":{"line":81,"column":37}},"81":{"start":{"line":82,"column":0},"end":{"line":82,"column":6}},"82":{"start":{"line":83,"column":0},"end":{"line":83,"column":25}},"83":{"start":{"line":84,"column":0},"end":{"line":84,"column":19}},"84":{"start":{"line":85,"column":0},"end":{"line":85,"column":15}},"85":{"start":{"line":86,"column":0},"end":{"line":86,"column":71}},"86":{"start":{"line":87,"column":0},"end":{"line":87,"column":18}},"87":{"start":{"line":88,"column":0},"end":{"line":88,"column":42}},"88":{"start":{"line":89,"column":0},"end":{"line":89,"column":40}},"89":{"start":{"line":90,"column":0},"end":{"line":90,"column":41}},"90":{"start":{"line":91,"column":0},"end":{"line":91,"column":44}},"91":{"start":{"line":92,"column":0},"end":{"line":92,"column":82}},"92":{"start":{"line":93,"column":0},"end":{"line":93,"column":7}},"93":{"start":{"line":94,"column":0},"end":{"line":94,"column":5}},"94":{"start":{"line":95,"column":0},"end":{"line":95,"column":3}},"95":{"start":{"line":96,"column":0},"end":{"line":96,"column":3}}},"s":{"0":1,"1":1,"2":1,"3":1,"4":1,"5":1,"6":1,"7":1,"8":1,"9":1,"10":1,"11":1,"12":11,"13":11,"14":11,"15":6,"16":6,"17":11,"18":1,"19":1,"20":5,"21":5,"22":5,"23":1,"24":1,"25":1,"26":1,"27":1,"28":1,"29":1,"30":1,"31":1,"32":0,"33":0,"34":0,"35":0,"36":0,"37":0,"38":1,"39":1,"40":1,"41":1,"42":1,"43":1,"44":1,"45":1,"46":1,"47":1,"48":1,"49":1,"50":1,"51":1,"52":1,"53":1,"54":1,"55":7,"56":7,"57":1,"58":1,"59":3,"60":3,"61":3,"62":3,"63":1,"64":1,"65":1,"66":1,"67":1,"68":1,"69":1,"70":1,"71":7,"72":7,"73":1,"74":1,"75":2,"76":2,"77":2,"78":1,"79":1,"80":1,"81":1,"82":1,"83":1,"84":1,"85":1,"86":1,"87":2,"88":3,"89":3,"90":3,"91":2,"92":2,"93":3,"94":2,"95":1},"branchMap":{"0":{"type":"branch","line":12,"loc":{"start":{"line":12,"column":8},"end":{"line":19,"column":3}},"locations":[{"start":{"line":12,"column":8},"end":{"line":19,"column":3}}]},"1":{"type":"branch","line":15,"loc":{"start":{"line":15,"column":25},"end":{"line":15,"column":31}},"locations":[{"start":{"line":15,"column":25},"end":{"line":15,"column":31}}]},"2":{"type":"branch","line":15,"loc":{"start":{"line":15,"column":48},"end":{"line":17,"column":5}},"locations":[{"start":{"line":15,"column":48},"end":{"line":17,"column":5}}]},"3":{"type":"branch","line":18,"loc":{"start":{"line":18,"column":25},"end":{"line":18,"column":38}},"locations":[{"start":{"line":18,"column":25},"end":{"line":18,"column":38}}]},"4":{"type":"branch","line":20,"loc":{"start":{"line":20,"column":8},"end":{"line":23,"column":3}},"locations":[{"start":{"line":20,"column":8},"end":{"line":23,"column":3}}]},"5":{"type":"branch","line":31,"loc":{"start":{"line":31,"column":8},"end":{"line":31,"column":58}},"locations":[{"start":{"line":31,"column":8},"end":{"line":31,"column":58}}]},"6":{"type":"branch","line":31,"loc":{"start":{"line":31,"column":32},"end":{"line":31,"column":58}},"locations":[{"start":{"line":31,"column":32},"end":{"line":31,"column":58}}]},"7":{"type":"branch","line":46,"loc":{"start":{"line":46,"column":8},"end":{"line":46,"column":43}},"locations":[{"start":{"line":46,"column":8},"end":{"line":46,"column":43}}]},"8":{"type":"branch","line":47,"loc":{"start":{"line":47,"column":8},"end":{"line":47,"column":79}},"locations":[{"start":{"line":47,"column":8},"end":{"line":47,"column":79}}]},"9":{"type":"branch","line":55,"loc":{"start":{"line":55,"column":8},"end":{"line":58,"column":59}},"locations":[{"start":{"line":55,"column":8},"end":{"line":58,"column":59}}]},"10":{"type":"branch","line":57,"loc":{"start":{"line":57,"column":28},"end":{"line":57,"column":38}},"locations":[{"start":{"line":57,"column":28},"end":{"line":57,"column":38}}]},"11":{"type":"branch","line":57,"loc":{"start":{"line":57,"column":47},"end":{"line":57,"column":82}},"locations":[{"start":{"line":57,"column":47},"end":{"line":57,"column":82}}]},"12":{"type":"branch","line":57,"loc":{"start":{"line":57,"column":84},"end":{"line":58,"column":59}},"locations":[{"start":{"line":57,"column":84},"end":{"line":58,"column":59}}]},"13":{"type":"branch","line":58,"loc":{"start":{"line":58,"column":29},"end":{"line":58,"column":58}},"locations":[{"start":{"line":58,"column":29},"end":{"line":58,"column":58}}]},"14":{"type":"branch","line":59,"loc":{"start":{"line":59,"column":8},"end":{"line":63,"column":3}},"locations":[{"start":{"line":59,"column":8},"end":{"line":63,"column":3}}]},"15":{"type":"branch","line":71,"loc":{"start":{"line":71,"column":8},"end":{"line":74,"column":28}},"locations":[{"start":{"line":71,"column":8},"end":{"line":74,"column":28}}]},"16":{"type":"branch","line":73,"loc":{"start":{"line":73,"column":38},"end":{"line":74,"column":28}},"locations":[{"start":{"line":73,"column":38},"end":{"line":74,"column":28}}]},"17":{"type":"branch","line":75,"loc":{"start":{"line":75,"column":8},"end":{"line":78,"column":3}},"locations":[{"start":{"line":75,"column":8},"end":{"line":78,"column":3}}]},"18":{"type":"branch","line":86,"loc":{"start":{"line":86,"column":8},"end":{"line":86,"column":70}},"locations":[{"start":{"line":86,"column":8},"end":{"line":86,"column":70}}]},"19":{"type":"branch","line":86,"loc":{"start":{"line":86,"column":43},"end":{"line":86,"column":69}},"locations":[{"start":{"line":86,"column":43},"end":{"line":86,"column":69}}]},"20":{"type":"branch","line":86,"loc":{"start":{"line":86,"column":55},"end":{"line":86,"column":69}},"locations":[{"start":{"line":86,"column":55},"end":{"line":86,"column":69}}]},"21":{"type":"branch","line":87,"loc":{"start":{"line":87,"column":8},"end":{"line":95,"column":3}},"locations":[{"start":{"line":87,"column":8},"end":{"line":95,"column":3}}]},"22":{"type":"branch","line":88,"loc":{"start":{"line":88,"column":41},"end":{"line":94,"column":5}},"locations":[{"start":{"line":88,"column":41},"end":{"line":94,"column":5}}]},"23":{"type":"branch","line":91,"loc":{"start":{"line":91,"column":43},"end":{"line":93,"column":7}},"locations":[{"start":{"line":91,"column":43},"end":{"line":93,"column":7}}]}},"b":{"0":[11],"1":[9],"2":[6],"3":[8],"4":[5],"5":[5],"6":[0],"7":[8],"8":[2],"9":[7],"10":[5],"11":[4],"12":[4],"13":[1],"14":[3],"15":[7],"16":[3],"17":[2],"18":[8],"19":[6],"20":[5],"21":[2],"22":[3],"23":[2]},"fnMap":{"0":{"name":"when","decl":{"start":{"line":12,"column":8},"end":{"line":19,"column":3}},"loc":{"start":{"line":12,"column":8},"end":{"line":19,"column":3}},"line":12},"1":{"name":"then","decl":{"start":{"line":20,"column":8},"end":{"line":23,"column":3}},"loc":{"start":{"line":20,"column":8},"end":{"line":23,"column":3}},"line":20},"2":{"name":"when","decl":{"start":{"line":31,"column":8},"end":{"line":31,"column":58}},"loc":{"start":{"line":31,"column":8},"end":{"line":31,"column":58}},"line":31},"3":{"name":"then","decl":{"start":{"line":32,"column":8},"end":{"line":38,"column":3}},"loc":{"start":{"line":32,"column":8},"end":{"line":38,"column":3}},"line":32},"4":{"name":"when","decl":{"start":{"line":46,"column":8},"end":{"line":46,"column":43}},"loc":{"start":{"line":46,"column":8},"end":{"line":46,"column":43}},"line":46},"5":{"name":"then","decl":{"start":{"line":47,"column":8},"end":{"line":47,"column":79}},"loc":{"start":{"line":47,"column":8},"end":{"line":47,"column":79}},"line":47},"6":{"name":"when","decl":{"start":{"line":55,"column":8},"end":{"line":58,"column":59}},"loc":{"start":{"line":55,"column":8},"end":{"line":58,"column":59}},"line":55},"7":{"name":"then","decl":{"start":{"line":59,"column":8},"end":{"line":63,"column":3}},"loc":{"start":{"line":59,"column":8},"end":{"line":63,"column":3}},"line":59},"8":{"name":"when","decl":{"start":{"line":71,"column":8},"end":{"line":74,"column":28}},"loc":{"start":{"line":71,"column":8},"end":{"line":74,"column":28}},"line":71},"9":{"name":"then","decl":{"start":{"line":75,"column":8},"end":{"line":78,"column":3}},"loc":{"start":{"line":75,"column":8},"end":{"line":78,"column":3}},"line":75},"10":{"name":"when","decl":{"start":{"line":86,"column":8},"end":{"line":86,"column":70}},"loc":{"start":{"line":86,"column":8},"end":{"line":86,"column":70}},"line":86},"11":{"name":"then","decl":{"start":{"line":87,"column":8},"end":{"line":95,"column":3}},"loc":{"start":{"line":87,"column":8},"end":{"line":95,"column":3}},"line":87}},"f":{"0":11,"1":5,"2":5,"3":0,"4":8,"5":2,"6":7,"7":3,"8":7,"9":2,"10":8,"11":2}}
,"/Users/stevenrichter/CavesOfOoo/src/js/engine/universalRules.js": {"path":"/Users/stevenrichter/CavesOfOoo/src/js/engine/universalRules.js","all":true,"statementMap":{"0":{"start":{"line":1,"column":0},"end":{"line":1,"column":31}},"1":{"start":{"line":2,"column":0},"end":{"line":2,"column":80}},"2":{"start":{"line":3,"column":0},"end":{"line":3,"column":24}},"3":{"start":{"line":4,"column":0},"end":{"line":4,"column":73}}},"s":{"0":0,"1":0,"2":0,"3":0},"branchMap":{"0":{"type":"branch","line":1,"loc":{"start":{"line":1,"column":0},"end":{"line":4,"column":10}},"locations":[{"start":{"line":1,"column":0},"end":{"line":4,"column":10}}]}},"b":{"0":[0]},"fnMap":{"0":{"name":"(empty-report)","decl":{"start":{"line":1,"column":0},"end":{"line":4,"column":10}},"loc":{"start":{"line":1,"column":0},"end":{"line":4,"column":10}},"line":1}},"f":{"0":0}}
,"/Users/stevenrichter/CavesOfOoo/src/js/engine/adapters/cavesOfOoo.js": {"path":"/Users/stevenrichter/CavesOfOoo/src/js/engine/adapters/cavesOfOoo.js","all":false,"statementMap":{"0":{"start":{"line":1,"column":0},"end":{"line":1,"column":36}},"1":{"start":{"line":2,"column":0},"end":{"line":2,"column":60}},"2":{"start":{"line":3,"column":0},"end":{"line":3,"column":0}},"3":{"start":{"line":4,"column":0},"end":{"line":4,"column":32}},"4":{"start":{"line":5,"column":0},"end":{"line":5,"column":47}},"5":{"start":{"line":6,"column":0},"end":{"line":6,"column":87}},"6":{"start":{"line":7,"column":0},"end":{"line":7,"column":100}},"7":{"start":{"line":8,"column":0},"end":{"line":8,"column":2}},"8":{"start":{"line":9,"column":0},"end":{"line":9,"column":58}},"9":{"start":{"line":10,"column":0},"end":{"line":10,"column":39}},"10":{"start":{"line":11,"column":0},"end":{"line":11,"column":92}},"11":{"start":{"line":12,"column":0},"end":{"line":12,"column":12}},"12":{"start":{"line":13,"column":0},"end":{"line":13,"column":17}},"13":{"start":{"line":14,"column":0},"end":{"line":14,"column":17}},"14":{"start":{"line":15,"column":0},"end":{"line":15,"column":75}},"15":{"start":{"line":16,"column":0},"end":{"line":16,"column":6}},"16":{"start":{"line":17,"column":0},"end":{"line":17,"column":5}},"17":{"start":{"line":18,"column":0},"end":{"line":18,"column":0}},"18":{"start":{"line":19,"column":0},"end":{"line":19,"column":23}},"19":{"start":{"line":20,"column":0},"end":{"line":20,"column":56}},"20":{"start":{"line":21,"column":0},"end":{"line":21,"column":21}},"21":{"start":{"line":22,"column":0},"end":{"line":22,"column":92}},"22":{"start":{"line":23,"column":0},"end":{"line":23,"column":93}},"23":{"start":{"line":24,"column":0},"end":{"line":24,"column":3}},"24":{"start":{"line":25,"column":0},"end":{"line":25,"column":0}},"25":{"start":{"line":26,"column":0},"end":{"line":26,"column":29}},"26":{"start":{"line":27,"column":0},"end":{"line":27,"column":63}},"27":{"start":{"line":28,"column":0},"end":{"line":28,"column":64}},"28":{"start":{"line":29,"column":0},"end":{"line":29,"column":78}},"29":{"start":{"line":30,"column":0},"end":{"line":30,"column":99}},"30":{"start":{"line":31,"column":0},"end":{"line":31,"column":3}},"31":{"start":{"line":32,"column":0},"end":{"line":32,"column":0}},"32":{"start":{"line":33,"column":0},"end":{"line":33,"column":60}},"33":{"start":{"line":34,"column":0},"end":{"line":34,"column":49}},"34":{"start":{"line":35,"column":0},"end":{"line":35,"column":46}},"35":{"start":{"line":36,"column":0},"end":{"line":36,"column":107}},"36":{"start":{"line":37,"column":0},"end":{"line":37,"column":123}},"37":{"start":{"line":38,"column":0},"end":{"line":38,"column":3}},"38":{"start":{"line":39,"column":0},"end":{"line":39,"column":0}},"39":{"start":{"line":40,"column":0},"end":{"line":40,"column":104}},"40":{"start":{"line":41,"column":0},"end":{"line":41,"column":2}},"41":{"start":{"line":42,"column":0},"end":{"line":42,"column":130}},"42":{"start":{"line":43,"column":0},"end":{"line":43,"column":54}},"43":{"start":{"line":44,"column":0},"end":{"line":44,"column":72}},"44":{"start":{"line":45,"column":0},"end":{"line":45,"column":101}},"45":{"start":{"line":46,"column":0},"end":{"line":46,"column":85}},"46":{"start":{"line":47,"column":0},"end":{"line":47,"column":2}},"47":{"start":{"line":48,"column":0},"end":{"line":48,"column":16}},"48":{"start":{"line":49,"column":0},"end":{"line":49,"column":1}},"49":{"start":{"line":50,"column":0},"end":{"line":50,"column":0}},"50":{"start":{"line":51,"column":0},"end":{"line":51,"column":35}},"51":{"start":{"line":52,"column":0},"end":{"line":52,"column":66}},"52":{"start":{"line":53,"column":0},"end":{"line":53,"column":69}},"53":{"start":{"line":54,"column":0},"end":{"line":54,"column":46}},"54":{"start":{"line":55,"column":0},"end":{"line":55,"column":59}},"55":{"start":{"line":56,"column":0},"end":{"line":56,"column":48}},"56":{"start":{"line":57,"column":0},"end":{"line":57,"column":61}},"57":{"start":{"line":58,"column":0},"end":{"line":58,"column":52}},"58":{"start":{"line":59,"column":0},"end":{"line":59,"column":48}},"59":{"start":{"line":60,"column":0},"end":{"line":60,"column":73}},"60":{"start":{"line":61,"column":0},"end":{"line":61,"column":12}},"61":{"start":{"line":62,"column":0},"end":{"line":62,"column":1}},"62":{"start":{"line":63,"column":0},"end":{"line":63,"column":0}},"63":{"start":{"line":64,"column":0},"end":{"line":64,"column":35}},"64":{"start":{"line":65,"column":0},"end":{"line":65,"column":39}},"65":{"start":{"line":66,"column":0},"end":{"line":66,"column":43}},"66":{"start":{"line":67,"column":0},"end":{"line":67,"column":44}},"67":{"start":{"line":68,"column":0},"end":{"line":68,"column":12}},"68":{"start":{"line":69,"column":0},"end":{"line":69,"column":1}},"69":{"start":{"line":70,"column":0},"end":{"line":70,"column":0}},"70":{"start":{"line":71,"column":0},"end":{"line":71,"column":30}},"71":{"start":{"line":72,"column":0},"end":{"line":72,"column":57}},"72":{"start":{"line":73,"column":0},"end":{"line":73,"column":81}},"73":{"start":{"line":74,"column":0},"end":{"line":74,"column":21}},"74":{"start":{"line":75,"column":0},"end":{"line":75,"column":99}},"75":{"start":{"line":76,"column":0},"end":{"line":76,"column":3}},"76":{"start":{"line":77,"column":0},"end":{"line":77,"column":21}},"77":{"start":{"line":78,"column":0},"end":{"line":78,"column":136}},"78":{"start":{"line":79,"column":0},"end":{"line":79,"column":3}},"79":{"start":{"line":80,"column":0},"end":{"line":80,"column":2}},"80":{"start":{"line":81,"column":0},"end":{"line":81,"column":15}},"81":{"start":{"line":82,"column":0},"end":{"line":82,"column":42}},"82":{"start":{"line":83,"column":0},"end":{"line":83,"column":10}},"83":{"start":{"line":84,"column":0},"end":{"line":84,"column":23}},"84":{"start":{"line":85,"column":0},"end":{"line":85,"column":18}},"85":{"start":{"line":86,"column":0},"end":{"line":86,"column":25}},"86":{"start":{"line":87,"column":0},"end":{"line":87,"column":55}},"87":{"start":{"line":88,"column":0},"end":{"line":88,"column":37}},"88":{"start":{"line":89,"column":0},"end":{"line":89,"column":39}},"89":{"start":{"line":90,"column":0},"end":{"line":90,"column":6}},"90":{"start":{"line":91,"column":0},"end":{"line":91,"column":10}},"91":{"start":{"line":92,"column":0},"end":{"line":92,"column":10}},"92":{"start":{"line":93,"column":0},"end":{"line":93,"column":22}},"93":{"start":{"line":94,"column":0},"end":{"line":94,"column":13}},"94":{"start":{"line":95,"column":0},"end":{"line":95,"column":4}},"95":{"start":{"line":96,"column":0},"end":{"line":96,"column":2}},"96":{"start":{"line":97,"column":0},"end":{"line":97,"column":13}},"97":{"start":{"line":98,"column":0},"end":{"line":98,"column":1}},"98":{"start":{"line":99,"column":0},"end":{"line":99,"column":0}},"99":{"start":{"line":100,"column":0},"end":{"line":100,"column":29}},"100":{"start":{"line":101,"column":0},"end":{"line":101,"column":52}},"101":{"start":{"line":102,"column":0},"end":{"line":102,"column":59}},"102":{"start":{"line":103,"column":0},"end":{"line":103,"column":2}},"103":{"start":{"line":104,"column":0},"end":{"line":104,"column":28}},"104":{"start":{"line":105,"column":0},"end":{"line":105,"column":64}},"105":{"start":{"line":106,"column":0},"end":{"line":106,"column":4}},"106":{"start":{"line":107,"column":0},"end":{"line":107,"column":23}},"107":{"start":{"line":108,"column":0},"end":{"line":108,"column":25}},"108":{"start":{"line":109,"column":0},"end":{"line":109,"column":44}},"109":{"start":{"line":110,"column":0},"end":{"line":110,"column":44}},"110":{"start":{"line":111,"column":0},"end":{"line":111,"column":95}},"111":{"start":{"line":112,"column":0},"end":{"line":112,"column":56}},"112":{"start":{"line":113,"column":0},"end":{"line":113,"column":42}},"113":{"start":{"line":114,"column":0},"end":{"line":114,"column":71}},"114":{"start":{"line":115,"column":0},"end":{"line":115,"column":18}},"115":{"start":{"line":116,"column":0},"end":{"line":116,"column":44}},"116":{"start":{"line":117,"column":0},"end":{"line":117,"column":84}},"117":{"start":{"line":118,"column":0},"end":{"line":118,"column":11}},"118":{"start":{"line":119,"column":0},"end":{"line":119,"column":9}},"119":{"start":{"line":120,"column":0},"end":{"line":120,"column":14}},"120":{"start":{"line":121,"column":0},"end":{"line":121,"column":7}},"121":{"start":{"line":122,"column":0},"end":{"line":122,"column":28}},"122":{"start":{"line":123,"column":0},"end":{"line":123,"column":48}},"123":{"start":{"line":124,"column":0},"end":{"line":124,"column":57}},"124":{"start":{"line":125,"column":0},"end":{"line":125,"column":21}},"125":{"start":{"line":126,"column":0},"end":{"line":126,"column":62}},"126":{"start":{"line":127,"column":0},"end":{"line":127,"column":28}},"127":{"start":{"line":128,"column":0},"end":{"line":128,"column":16}},"128":{"start":{"line":129,"column":0},"end":{"line":129,"column":73}},"129":{"start":{"line":130,"column":0},"end":{"line":130,"column":9}},"130":{"start":{"line":131,"column":0},"end":{"line":131,"column":14}},"131":{"start":{"line":132,"column":0},"end":{"line":132,"column":7}},"132":{"start":{"line":133,"column":0},"end":{"line":133,"column":22}},"133":{"start":{"line":134,"column":0},"end":{"line":134,"column":32}},"134":{"start":{"line":135,"column":0},"end":{"line":135,"column":70}},"135":{"start":{"line":136,"column":0},"end":{"line":136,"column":118}},"136":{"start":{"line":137,"column":0},"end":{"line":137,"column":29}},"137":{"start":{"line":138,"column":0},"end":{"line":138,"column":31}},"138":{"start":{"line":139,"column":0},"end":{"line":139,"column":58}},"139":{"start":{"line":140,"column":0},"end":{"line":140,"column":9}},"140":{"start":{"line":141,"column":0},"end":{"line":141,"column":14}},"141":{"start":{"line":142,"column":0},"end":{"line":142,"column":7}},"142":{"start":{"line":143,"column":0},"end":{"line":143,"column":30}},"143":{"start":{"line":144,"column":0},"end":{"line":144,"column":77}},"144":{"start":{"line":145,"column":0},"end":{"line":145,"column":33}},"145":{"start":{"line":146,"column":0},"end":{"line":146,"column":72}},"146":{"start":{"line":147,"column":0},"end":{"line":147,"column":20}},"147":{"start":{"line":148,"column":0},"end":{"line":148,"column":81}},"148":{"start":{"line":149,"column":0},"end":{"line":149,"column":45}},"149":{"start":{"line":150,"column":0},"end":{"line":150,"column":53}},"150":{"start":{"line":151,"column":0},"end":{"line":151,"column":78}},"151":{"start":{"line":152,"column":0},"end":{"line":152,"column":37}},"152":{"start":{"line":153,"column":0},"end":{"line":153,"column":78}},"153":{"start":{"line":154,"column":0},"end":{"line":154,"column":27}},"154":{"start":{"line":155,"column":0},"end":{"line":155,"column":50}},"155":{"start":{"line":156,"column":0},"end":{"line":156,"column":79}},"156":{"start":{"line":157,"column":0},"end":{"line":157,"column":15}},"157":{"start":{"line":158,"column":0},"end":{"line":158,"column":13}},"158":{"start":{"line":159,"column":0},"end":{"line":159,"column":11}},"159":{"start":{"line":160,"column":0},"end":{"line":160,"column":9}},"160":{"start":{"line":161,"column":0},"end":{"line":161,"column":14}},"161":{"start":{"line":162,"column":0},"end":{"line":162,"column":7}},"162":{"start":{"line":163,"column":0},"end":{"line":163,"column":27}},"163":{"start":{"line":164,"column":0},"end":{"line":164,"column":63}},"164":{"start":{"line":165,"column":0},"end":{"line":165,"column":30}},"165":{"start":{"line":166,"column":0},"end":{"line":166,"column":56}},"166":{"start":{"line":167,"column":0},"end":{"line":167,"column":14}},"167":{"start":{"line":168,"column":0},"end":{"line":168,"column":7}},"168":{"start":{"line":169,"column":0},"end":{"line":169,"column":26}},"169":{"start":{"line":170,"column":0},"end":{"line":170,"column":30}},"170":{"start":{"line":171,"column":0},"end":{"line":171,"column":54}},"171":{"start":{"line":172,"column":0},"end":{"line":172,"column":43}},"172":{"start":{"line":173,"column":0},"end":{"line":173,"column":54}},"173":{"start":{"line":174,"column":0},"end":{"line":174,"column":109}},"174":{"start":{"line":175,"column":0},"end":{"line":175,"column":14}},"175":{"start":{"line":176,"column":0},"end":{"line":176,"column":7}},"176":{"start":{"line":177,"column":0},"end":{"line":177,"column":19}},"177":{"start":{"line":178,"column":0},"end":{"line":178,"column":57}},"178":{"start":{"line":179,"column":0},"end":{"line":179,"column":48}},"179":{"start":{"line":180,"column":0},"end":{"line":180,"column":14}},"180":{"start":{"line":181,"column":0},"end":{"line":181,"column":7}},"181":{"start":{"line":182,"column":0},"end":{"line":182,"column":60}},"182":{"start":{"line":183,"column":0},"end":{"line":183,"column":15}},"183":{"start":{"line":184,"column":0},"end":{"line":184,"column":65}},"184":{"start":{"line":185,"column":0},"end":{"line":185,"column":14}},"185":{"start":{"line":186,"column":0},"end":{"line":186,"column":5}},"186":{"start":{"line":187,"column":0},"end":{"line":187,"column":3}},"187":{"start":{"line":188,"column":0},"end":{"line":188,"column":1}},"188":{"start":{"line":189,"column":0},"end":{"line":189,"column":0}},"189":{"start":{"line":190,"column":0},"end":{"line":190,"column":62}},"190":{"start":{"line":191,"column":0},"end":{"line":191,"column":59}},"191":{"start":{"line":192,"column":0},"end":{"line":192,"column":64}},"192":{"start":{"line":193,"column":0},"end":{"line":193,"column":60}},"193":{"start":{"line":194,"column":0},"end":{"line":194,"column":24}},"194":{"start":{"line":195,"column":0},"end":{"line":195,"column":41}},"195":{"start":{"line":196,"column":0},"end":{"line":196,"column":49}},"196":{"start":{"line":197,"column":0},"end":{"line":197,"column":24}},"197":{"start":{"line":198,"column":0},"end":{"line":198,"column":61}},"198":{"start":{"line":199,"column":0},"end":{"line":199,"column":39}},"199":{"start":{"line":200,"column":0},"end":{"line":200,"column":36}},"200":{"start":{"line":201,"column":0},"end":{"line":201,"column":3}},"201":{"start":{"line":202,"column":0},"end":{"line":202,"column":1}},"202":{"start":{"line":203,"column":0},"end":{"line":203,"column":0}},"203":{"start":{"line":204,"column":0},"end":{"line":204,"column":85}},"204":{"start":{"line":205,"column":0},"end":{"line":205,"column":58}},"205":{"start":{"line":206,"column":0},"end":{"line":206,"column":75}},"206":{"start":{"line":207,"column":0},"end":{"line":207,"column":72}},"207":{"start":{"line":208,"column":0},"end":{"line":208,"column":29}},"208":{"start":{"line":209,"column":0},"end":{"line":209,"column":50}},"209":{"start":{"line":210,"column":0},"end":{"line":210,"column":92}},"210":{"start":{"line":211,"column":0},"end":{"line":211,"column":3}},"211":{"start":{"line":212,"column":0},"end":{"line":212,"column":26}},"212":{"start":{"line":213,"column":0},"end":{"line":213,"column":1}},"213":{"start":{"line":214,"column":0},"end":{"line":214,"column":0}},"214":{"start":{"line":215,"column":0},"end":{"line":215,"column":55}},"215":{"start":{"line":216,"column":0},"end":{"line":216,"column":50}},"216":{"start":{"line":217,"column":0},"end":{"line":217,"column":60}},"217":{"start":{"line":218,"column":0},"end":{"line":218,"column":27}},"218":{"start":{"line":219,"column":0},"end":{"line":219,"column":55}},"219":{"start":{"line":220,"column":0},"end":{"line":220,"column":26}},"220":{"start":{"line":221,"column":0},"end":{"line":221,"column":3}},"221":{"start":{"line":222,"column":0},"end":{"line":222,"column":27}},"222":{"start":{"line":223,"column":0},"end":{"line":223,"column":41}},"223":{"start":{"line":224,"column":0},"end":{"line":224,"column":92}},"224":{"start":{"line":225,"column":0},"end":{"line":225,"column":56}},"225":{"start":{"line":226,"column":0},"end":{"line":226,"column":1}},"226":{"start":{"line":227,"column":0},"end":{"line":227,"column":0}},"227":{"start":{"line":228,"column":0},"end":{"line":228,"column":78}},"228":{"start":{"line":229,"column":0},"end":{"line":229,"column":76}},"229":{"start":{"line":230,"column":0},"end":{"line":230,"column":118}},"230":{"start":{"line":231,"column":0},"end":{"line":231,"column":25}},"231":{"start":{"line":232,"column":0},"end":{"line":232,"column":29}},"232":{"start":{"line":233,"column":0},"end":{"line":233,"column":57}},"233":{"start":{"line":234,"column":0},"end":{"line":234,"column":73}},"234":{"start":{"line":235,"column":0},"end":{"line":235,"column":56}},"235":{"start":{"line":236,"column":0},"end":{"line":236,"column":10}},"236":{"start":{"line":237,"column":0},"end":{"line":237,"column":73}},"237":{"start":{"line":238,"column":0},"end":{"line":238,"column":3}},"238":{"start":{"line":239,"column":0},"end":{"line":239,"column":41}},"239":{"start":{"line":240,"column":0},"end":{"line":240,"column":1}},"240":{"start":{"line":241,"column":0},"end":{"line":241,"column":0}},"241":{"start":{"line":242,"column":0},"end":{"line":242,"column":76}},"242":{"start":{"line":243,"column":0},"end":{"line":243,"column":87}},"243":{"start":{"line":244,"column":0},"end":{"line":244,"column":49}},"244":{"start":{"line":245,"column":0},"end":{"line":245,"column":54}},"245":{"start":{"line":246,"column":0},"end":{"line":246,"column":43}},"246":{"start":{"line":247,"column":0},"end":{"line":247,"column":33}},"247":{"start":{"line":248,"column":0},"end":{"line":248,"column":1}}},"s":{"0":1,"1":1,"2":1,"3":1,"4":1,"5":22,"6":22,"7":22,"8":22,"9":9,"10":9,"11":9,"12":9,"13":9,"14":9,"15":9,"16":22,"17":22,"18":22,"19":22,"20":22,"21":2,"22":2,"23":2,"24":22,"25":22,"26":22,"27":22,"28":1,"29":1,"30":1,"31":22,"32":22,"33":22,"34":22,"35":5,"36":5,"37":5,"38":22,"39":22,"40":22,"41":22,"42":22,"43":22,"44":22,"45":22,"46":22,"47":22,"48":22,"49":1,"50":1,"51":20,"52":20,"53":20,"54":20,"55":20,"56":20,"57":20,"58":20,"59":20,"60":1,"61":1,"62":1,"63":15,"64":15,"65":15,"66":15,"67":13,"68":13,"69":1,"70":1,"71":1,"72":15,"73":15,"74":5,"75":5,"76":15,"77":2,"78":2,"79":15,"80":15,"81":15,"82":15,"83":15,"84":15,"85":15,"86":15,"87":15,"88":15,"89":15,"90":15,"91":15,"92":15,"93":15,"94":15,"95":15,"96":15,"97":15,"98":1,"99":1,"100":1,"101":19,"102":19,"103":19,"104":14,"105":14,"106":14,"107":14,"108":1,"109":1,"110":1,"111":1,"112":1,"113":0,"114":0,"115":0,"116":0,"117":0,"118":0,"119":1,"120":1,"121":14,"122":2,"123":2,"124":2,"125":2,"126":2,"127":2,"128":0,"129":0,"130":2,"131":2,"132":14,"133":2,"134":2,"135":2,"136":2,"137":1,"138":1,"139":1,"140":2,"141":2,"142":14,"143":2,"144":2,"145":2,"146":2,"147":2,"148":2,"149":2,"150":2,"151":2,"152":1,"153":1,"154":1,"155":1,"156":1,"157":1,"158":2,"159":2,"160":2,"161":2,"162":14,"163":2,"164":2,"165":2,"166":2,"167":2,"168":14,"169":3,"170":3,"171":3,"172":3,"173":3,"174":3,"175":3,"176":14,"177":1,"178":1,"179":1,"180":1,"181":14,"182":14,"183":1,"184":1,"185":14,"186":14,"187":19,"188":1,"189":1,"190":1,"191":2,"192":2,"193":2,"194":2,"195":2,"196":2,"197":1,"198":1,"199":1,"200":1,"201":2,"202":1,"203":1,"204":2,"205":2,"206":2,"207":2,"208":2,"209":0,"210":0,"211":2,"212":2,"213":1,"214":1,"215":1,"216":3,"217":3,"218":3,"219":2,"220":2,"221":3,"222":3,"223":3,"224":3,"225":3,"226":1,"227":1,"228":2,"229":2,"230":2,"231":2,"232":2,"233":2,"234":2,"235":2,"236":0,"237":0,"238":2,"239":2,"240":1,"241":1,"242":2,"243":2,"244":2,"245":2,"246":2,"247":2},"branchMap":{"0":{"type":"branch","line":5,"loc":{"start":{"line":5,"column":7},"end":{"line":49,"column":1}},"locations":[{"start":{"line":5,"column":7},"end":{"line":49,"column":1}}]},"1":{"type":"branch","line":7,"loc":{"start":{"line":7,"column":68},"end":{"line":7,"column":73}},"locations":[{"start":{"line":7,"column":68},"end":{"line":7,"column":73}}]},"2":{"type":"branch","line":9,"loc":{"start":{"line":9,"column":41},"end":{"line":9,"column":46}},"locations":[{"start":{"line":9,"column":41},"end":{"line":9,"column":46}}]},"3":{"type":"branch","line":21,"loc":{"start":{"line":21,"column":20},"end":{"line":24,"column":3}},"locations":[{"start":{"line":21,"column":20},"end":{"line":24,"column":3}}]},"4":{"type":"branch","line":28,"loc":{"start":{"line":28,"column":63},"end":{"line":31,"column":3}},"locations":[{"start":{"line":28,"column":63},"end":{"line":31,"column":3}}]},"5":{"type":"branch","line":35,"loc":{"start":{"line":35,"column":10},"end":{"line":35,"column":43}},"locations":[{"start":{"line":35,"column":10},"end":{"line":35,"column":43}}]},"6":{"type":"branch","line":35,"loc":{"start":{"line":35,"column":34},"end":{"line":35,"column":38}},"locations":[{"start":{"line":35,"column":34},"end":{"line":35,"column":38}}]},"7":{"type":"branch","line":35,"loc":{"start":{"line":35,"column":45},"end":{"line":38,"column":3}},"locations":[{"start":{"line":35,"column":45},"end":{"line":38,"column":3}}]},"8":{"type":"branch","line":40,"loc":{"start":{"line":40,"column":33},"end":{"line":40,"column":44}},"locations":[{"start":{"line":40,"column":33},"end":{"line":40,"column":44}}]},"9":{"type":"branch","line":42,"loc":{"start":{"line":42,"column":75},"end":{"line":42,"column":129}},"locations":[{"start":{"line":42,"column":75},"end":{"line":42,"column":129}}]},"10":{"type":"branch","line":46,"loc":{"start":{"line":46,"column":65},"end":{"line":46,"column":74}},"locations":[{"start":{"line":46,"column":65},"end":{"line":46,"column":74}}]},"11":{"type":"branch","line":46,"loc":{"start":{"line":46,"column":75},"end":{"line":46,"column":81}},"locations":[{"start":{"line":46,"column":75},"end":{"line":46,"column":81}}]},"12":{"type":"branch","line":9,"loc":{"start":{"line":9,"column":52},"end":{"line":17,"column":3}},"locations":[{"start":{"line":9,"column":52},"end":{"line":17,"column":3}}]},"13":{"type":"branch","line":28,"loc":{"start":{"line":28,"column":16},"end":{"line":28,"column":60}},"locations":[{"start":{"line":28,"column":16},"end":{"line":28,"column":60}}]},"14":{"type":"branch","line":28,"loc":{"start":{"line":28,"column":54},"end":{"line":28,"column":59}},"locations":[{"start":{"line":28,"column":54},"end":{"line":28,"column":59}}]},"15":{"type":"branch","line":34,"loc":{"start":{"line":34,"column":28},"end":{"line":34,"column":47}},"locations":[{"start":{"line":34,"column":28},"end":{"line":34,"column":47}}]},"16":{"type":"branch","line":42,"loc":{"start":{"line":42,"column":38},"end":{"line":42,"column":73}},"locations":[{"start":{"line":42,"column":38},"end":{"line":42,"column":73}}]},"17":{"type":"branch","line":42,"loc":{"start":{"line":42,"column":93},"end":{"line":42,"column":128}},"locations":[{"start":{"line":42,"column":93},"end":{"line":42,"column":128}}]},"18":{"type":"branch","line":51,"loc":{"start":{"line":51,"column":7},"end":{"line":62,"column":1}},"locations":[{"start":{"line":51,"column":7},"end":{"line":62,"column":1}}]},"19":{"type":"branch","line":52,"loc":{"start":{"line":52,"column":20},"end":{"line":52,"column":66}},"locations":[{"start":{"line":52,"column":20},"end":{"line":52,"column":66}}]},"20":{"type":"branch","line":52,"loc":{"start":{"line":52,"column":65},"end":{"line":53,"column":20}},"locations":[{"start":{"line":52,"column":65},"end":{"line":53,"column":20}}]},"21":{"type":"branch","line":53,"loc":{"start":{"line":53,"column":20},"end":{"line":53,"column":39}},"locations":[{"start":{"line":53,"column":20},"end":{"line":53,"column":39}}]},"22":{"type":"branch","line":53,"loc":{"start":{"line":53,"column":41},"end":{"line":53,"column":69}},"locations":[{"start":{"line":53,"column":41},"end":{"line":53,"column":69}}]},"23":{"type":"branch","line":53,"loc":{"start":{"line":53,"column":68},"end":{"line":54,"column":23}},"locations":[{"start":{"line":53,"column":68},"end":{"line":54,"column":23}}]},"24":{"type":"branch","line":54,"loc":{"start":{"line":54,"column":23},"end":{"line":54,"column":46}},"locations":[{"start":{"line":54,"column":23},"end":{"line":54,"column":46}}]},"25":{"type":"branch","line":54,"loc":{"start":{"line":54,"column":45},"end":{"line":55,"column":22}},"locations":[{"start":{"line":54,"column":45},"end":{"line":55,"column":22}}]},"26":{"type":"branch","line":55,"loc":{"start":{"line":55,"column":22},"end":{"line":55,"column":59}},"locations":[{"start":{"line":55,"column":22},"end":{"line":55,"column":59}}]},"27":{"type":"branch","line":55,"loc":{"start":{"line":55,"column":58},"end":{"line":56,"column":22}},"locations":[{"start":{"line":55,"column":58},"end":{"line":56,"column":22}}]},"28":{"type":"branch","line":56,"loc":{"start":{"line":56,"column":22},"end":{"line":56,"column":48}},"locations":[{"start":{"line":56,"column":22},"end":{"line":56,"column":48}}]},"29":{"type":"branch","line":56,"loc":{"start":{"line":56,"column":47},"end":{"line":57,"column":23}},"locations":[{"start":{"line":56,"column":47},"end":{"line":57,"column":23}}]},"30":{"type":"branch","line":57,"loc":{"start":{"line":57,"column":23},"end":{"line":57,"column":61}},"locations":[{"start":{"line":57,"column":23},"end":{"line":57,"column":61}}]},"31":{"type":"branch","line":57,"loc":{"start":{"line":57,"column":60},"end":{"line":58,"column":23}},"locations":[{"start":{"line":57,"column":60},"end":{"line":58,"column":23}}]},"32":{"type":"branch","line":58,"loc":{"start":{"line":58,"column":23},"end":{"line":58,"column":52}},"locations":[{"start":{"line":58,"column":23},"end":{"line":58,"column":52}}]},"33":{"type":"branch","line":58,"loc":{"start":{"line":58,"column":51},"end":{"line":59,"column":22}},"locations":[{"start":{"line":58,"column":51},"end":{"line":59,"column":22}}]},"34":{"type":"branch","line":59,"loc":{"start":{"line":59,"column":22},"end":{"line":59,"column":48}},"locations":[{"start":{"line":59,"column":22},"end":{"line":59,"column":48}}]},"35":{"type":"branch","line":59,"loc":{"start":{"line":59,"column":47},"end":{"line":60,"column":27}},"locations":[{"start":{"line":59,"column":47},"end":{"line":60,"column":27}}]},"36":{"type":"branch","line":60,"loc":{"start":{"line":60,"column":27},"end":{"line":60,"column":73}},"locations":[{"start":{"line":60,"column":27},"end":{"line":60,"column":73}}]},"37":{"type":"branch","line":60,"loc":{"start":{"line":60,"column":72},"end":{"line":62,"column":1}},"locations":[{"start":{"line":60,"column":72},"end":{"line":62,"column":1}}]},"38":{"type":"branch","line":64,"loc":{"start":{"line":64,"column":0},"end":{"line":69,"column":1}},"locations":[{"start":{"line":64,"column":0},"end":{"line":69,"column":1}}]},"39":{"type":"branch","line":66,"loc":{"start":{"line":66,"column":17},"end":{"line":66,"column":43}},"locations":[{"start":{"line":66,"column":17},"end":{"line":66,"column":43}}]},"40":{"type":"branch","line":66,"loc":{"start":{"line":66,"column":42},"end":{"line":67,"column":17}},"locations":[{"start":{"line":66,"column":42},"end":{"line":67,"column":17}}]},"41":{"type":"branch","line":67,"loc":{"start":{"line":67,"column":17},"end":{"line":67,"column":44}},"locations":[{"start":{"line":67,"column":17},"end":{"line":67,"column":44}}]},"42":{"type":"branch","line":67,"loc":{"start":{"line":67,"column":43},"end":{"line":69,"column":1}},"locations":[{"start":{"line":67,"column":43},"end":{"line":69,"column":1}}]},"43":{"type":"branch","line":72,"loc":{"start":{"line":72,"column":7},"end":{"line":98,"column":1}},"locations":[{"start":{"line":72,"column":7},"end":{"line":98,"column":1}}]},"44":{"type":"branch","line":73,"loc":{"start":{"line":73,"column":65},"end":{"line":73,"column":77}},"locations":[{"start":{"line":73,"column":65},"end":{"line":73,"column":77}}]},"45":{"type":"branch","line":74,"loc":{"start":{"line":74,"column":20},"end":{"line":76,"column":3}},"locations":[{"start":{"line":74,"column":20},"end":{"line":76,"column":3}}]},"46":{"type":"branch","line":77,"loc":{"start":{"line":77,"column":20},"end":{"line":79,"column":3}},"locations":[{"start":{"line":77,"column":20},"end":{"line":79,"column":3}}]},"47":{"type":"branch","line":88,"loc":{"start":{"line":88,"column":28},"end":{"line":88,"column":36}},"locations":[{"start":{"line":88,"column":28},"end":{"line":88,"column":36}}]},"48":{"type":"branch","line":89,"loc":{"start":{"line":89,"column":29},"end":{"line":89,"column":39}},"locations":[{"start":{"line":89,"column":29},"end":{"line":89,"column":39}}]},"49":{"type":"branch","line":101,"loc":{"start":{"line":101,"column":7},"end":{"line":188,"column":1}},"locations":[{"start":{"line":101,"column":7},"end":{"line":188,"column":1}}]},"50":{"type":"branch","line":104,"loc":{"start":{"line":104,"column":27},"end":{"line":187,"column":3}},"locations":[{"start":{"line":104,"column":27},"end":{"line":187,"column":3}}]},"51":{"type":"branch","line":108,"loc":{"start":{"line":108,"column":6},"end":{"line":121,"column":7}},"locations":[{"start":{"line":108,"column":6},"end":{"line":121,"column":7}}]},"52":{"type":"branch","line":109,"loc":{"start":{"line":109,"column":39},"end":{"line":109,"column":43}},"locations":[{"start":{"line":109,"column":39},"end":{"line":109,"column":43}}]},"53":{"type":"branch","line":110,"loc":{"start":{"line":110,"column":39},"end":{"line":110,"column":43}},"locations":[{"start":{"line":110,"column":39},"end":{"line":110,"column":43}}]},"54":{"type":"branch","line":113,"loc":{"start":{"line":113,"column":41},"end":{"line":119,"column":9}},"locations":[{"start":{"line":113,"column":41},"end":{"line":119,"column":9}}]},"55":{"type":"branch","line":122,"loc":{"start":{"line":122,"column":6},"end":{"line":132,"column":7}},"locations":[{"start":{"line":122,"column":6},"end":{"line":132,"column":7}}]},"56":{"type":"branch","line":123,"loc":{"start":{"line":123,"column":42},"end":{"line":123,"column":47}},"locations":[{"start":{"line":123,"column":42},"end":{"line":123,"column":47}}]},"57":{"type":"branch","line":128,"loc":{"start":{"line":128,"column":9},"end":{"line":130,"column":9}},"locations":[{"start":{"line":128,"column":9},"end":{"line":130,"column":9}}]},"58":{"type":"branch","line":133,"loc":{"start":{"line":133,"column":6},"end":{"line":142,"column":7}},"locations":[{"start":{"line":133,"column":6},"end":{"line":142,"column":7}}]},"59":{"type":"branch","line":135,"loc":{"start":{"line":135,"column":43},"end":{"line":135,"column":47}},"locations":[{"start":{"line":135,"column":43},"end":{"line":135,"column":47}}]},"60":{"type":"branch","line":135,"loc":{"start":{"line":135,"column":63},"end":{"line":135,"column":67}},"locations":[{"start":{"line":135,"column":63},"end":{"line":135,"column":67}}]},"61":{"type":"branch","line":136,"loc":{"start":{"line":136,"column":72},"end":{"line":136,"column":84}},"locations":[{"start":{"line":136,"column":72},"end":{"line":136,"column":84}}]},"62":{"type":"branch","line":137,"loc":{"start":{"line":137,"column":28},"end":{"line":140,"column":9}},"locations":[{"start":{"line":137,"column":28},"end":{"line":140,"column":9}}]},"63":{"type":"branch","line":143,"loc":{"start":{"line":143,"column":6},"end":{"line":162,"column":7}},"locations":[{"start":{"line":143,"column":6},"end":{"line":162,"column":7}}]},"64":{"type":"branch","line":148,"loc":{"start":{"line":148,"column":42},"end":{"line":148,"column":63}},"locations":[{"start":{"line":148,"column":42},"end":{"line":148,"column":63}}]},"65":{"type":"branch","line":148,"loc":{"start":{"line":148,"column":58},"end":{"line":148,"column":62}},"locations":[{"start":{"line":148,"column":58},"end":{"line":148,"column":62}}]},"66":{"type":"branch","line":148,"loc":{"start":{"line":148,"column":64},"end":{"line":148,"column":80}},"locations":[{"start":{"line":148,"column":64},"end":{"line":148,"column":80}}]},"67":{"type":"branch","line":148,"loc":{"start":{"line":148,"column":75},"end":{"line":148,"column":79}},"locations":[{"start":{"line":148,"column":75},"end":{"line":148,"column":79}}]},"68":{"type":"branch","line":149,"loc":{"start":{"line":149,"column":40},"end":{"line":149,"column":44}},"locations":[{"start":{"line":149,"column":40},"end":{"line":149,"column":44}}]},"69":{"type":"branch","line":152,"loc":{"start":{"line":152,"column":36},"end":{"line":158,"column":13}},"locations":[{"start":{"line":152,"column":36},"end":{"line":158,"column":13}}]},"70":{"type":"branch","line":163,"loc":{"start":{"line":163,"column":6},"end":{"line":168,"column":7}},"locations":[{"start":{"line":163,"column":6},"end":{"line":168,"column":7}}]},"71":{"type":"branch","line":166,"loc":{"start":{"line":166,"column":48},"end":{"line":166,"column":55}},"locations":[{"start":{"line":166,"column":48},"end":{"line":166,"column":55}}]},"72":{"type":"branch","line":169,"loc":{"start":{"line":169,"column":6},"end":{"line":176,"column":7}},"locations":[{"start":{"line":169,"column":6},"end":{"line":176,"column":7}}]},"73":{"type":"branch","line":172,"loc":{"start":{"line":172,"column":38},"end":{"line":172,"column":42}},"locations":[{"start":{"line":172,"column":38},"end":{"line":172,"column":42}}]},"74":{"type":"branch","line":173,"loc":{"start":{"line":173,"column":48},"end":{"line":173,"column":52}},"locations":[{"start":{"line":173,"column":48},"end":{"line":173,"column":52}}]},"75":{"type":"branch","line":177,"loc":{"start":{"line":177,"column":6},"end":{"line":181,"column":7}},"locations":[{"start":{"line":177,"column":6},"end":{"line":181,"column":7}}]},"76":{"type":"branch","line":183,"loc":{"start":{"line":183,"column":6},"end":{"line":185,"column":14}},"locations":[{"start":{"line":183,"column":6},"end":{"line":185,"column":14}}]},"77":{"type":"branch","line":124,"loc":{"start":{"line":124,"column":33},"end":{"line":124,"column":55}},"locations":[{"start":{"line":124,"column":33},"end":{"line":124,"column":55}}]},"78":{"type":"branch","line":146,"loc":{"start":{"line":146,"column":49},"end":{"line":146,"column":70}},"locations":[{"start":{"line":146,"column":49},"end":{"line":146,"column":70}}]},"79":{"type":"branch","line":153,"loc":{"start":{"line":153,"column":55},"end":{"line":153,"column":76}},"locations":[{"start":{"line":153,"column":55},"end":{"line":153,"column":76}}]},"80":{"type":"branch","line":191,"loc":{"start":{"line":191,"column":7},"end":{"line":202,"column":1}},"locations":[{"start":{"line":191,"column":7},"end":{"line":202,"column":1}}]},"81":{"type":"branch","line":197,"loc":{"start":{"line":197,"column":22},"end":{"line":201,"column":3}},"locations":[{"start":{"line":197,"column":22},"end":{"line":201,"column":3}}]},"82":{"type":"branch","line":204,"loc":{"start":{"line":204,"column":7},"end":{"line":213,"column":1}},"locations":[{"start":{"line":204,"column":7},"end":{"line":213,"column":1}}]},"83":{"type":"branch","line":209,"loc":{"start":{"line":209,"column":49},"end":{"line":211,"column":3}},"locations":[{"start":{"line":209,"column":49},"end":{"line":211,"column":3}}]},"84":{"type":"branch","line":216,"loc":{"start":{"line":216,"column":7},"end":{"line":226,"column":1}},"locations":[{"start":{"line":216,"column":7},"end":{"line":226,"column":1}}]},"85":{"type":"branch","line":219,"loc":{"start":{"line":219,"column":54},"end":{"line":221,"column":3}},"locations":[{"start":{"line":219,"column":54},"end":{"line":221,"column":3}}]},"86":{"type":"branch","line":224,"loc":{"start":{"line":224,"column":22},"end":{"line":224,"column":92}},"locations":[{"start":{"line":224,"column":22},"end":{"line":224,"column":92}}]},"87":{"type":"branch","line":219,"loc":{"start":{"line":219,"column":22},"end":{"line":219,"column":51}},"locations":[{"start":{"line":219,"column":22},"end":{"line":219,"column":51}}]},"88":{"type":"branch","line":225,"loc":{"start":{"line":225,"column":25},"end":{"line":225,"column":54}},"locations":[{"start":{"line":225,"column":25},"end":{"line":225,"column":54}}]},"89":{"type":"branch","line":228,"loc":{"start":{"line":228,"column":7},"end":{"line":240,"column":1}},"locations":[{"start":{"line":228,"column":7},"end":{"line":240,"column":1}}]},"90":{"type":"branch","line":236,"loc":{"start":{"line":236,"column":3},"end":{"line":238,"column":3}},"locations":[{"start":{"line":236,"column":3},"end":{"line":238,"column":3}}]},"91":{"type":"branch","line":233,"loc":{"start":{"line":233,"column":22},"end":{"line":233,"column":53}},"locations":[{"start":{"line":233,"column":22},"end":{"line":233,"column":53}}]},"92":{"type":"branch","line":242,"loc":{"start":{"line":242,"column":7},"end":{"line":248,"column":1}},"locations":[{"start":{"line":242,"column":7},"end":{"line":248,"column":1}}]}},"b":{"0":[22],"1":[1],"2":[1],"3":[2],"4":[1],"5":[5],"6":[0],"7":[5],"8":[0],"9":[17],"10":[8],"11":[14],"12":[9],"13":[1],"14":[0],"15":[8],"16":[8],"17":[3],"18":[20],"19":[7],"20":[13],"21":[8],"22":[6],"23":[7],"24":[1],"25":[6],"26":[1],"27":[5],"28":[0],"29":[5],"30":[4],"31":[1],"32":[0],"33":[1],"34":[0],"35":[1],"36":[0],"37":[1],"38":[15],"39":[1],"40":[14],"41":[1],"42":[13],"43":[15],"44":[3],"45":[5],"46":[2],"47":[0],"48":[0],"49":[19],"50":[14],"51":[1],"52":[0],"53":[0],"54":[0],"55":[2],"56":[0],"57":[0],"58":[2],"59":[0],"60":[0],"61":[1],"62":[1],"63":[2],"64":[1],"65":[0],"66":[1],"67":[0],"68":[0],"69":[1],"70":[2],"71":[0],"72":[3],"73":[2],"74":[0],"75":[1],"76":[1],"77":[2],"78":[2],"79":[1],"80":[2],"81":[1],"82":[2],"83":[0],"84":[3],"85":[2],"86":[1],"87":[1],"88":[1],"89":[2],"90":[0],"91":[2],"92":[2]},"fnMap":{"0":{"name":"toEngineEntity","decl":{"start":{"line":5,"column":7},"end":{"line":49,"column":1}},"loc":{"start":{"line":5,"column":7},"end":{"line":49,"column":1}},"line":5},"1":{"name":"tagsForStatus","decl":{"start":{"line":51,"column":7},"end":{"line":62,"column":1}},"loc":{"start":{"line":51,"column":7},"end":{"line":62,"column":1}},"line":51},"2":{"name":"getTileTags","decl":{"start":{"line":64,"column":0},"end":{"line":69,"column":1}},"loc":{"start":{"line":64,"column":0},"end":{"line":69,"column":1}},"line":64},"3":{"name":"buildContext","decl":{"start":{"line":72,"column":7},"end":{"line":98,"column":1}},"loc":{"start":{"line":72,"column":7},"end":{"line":98,"column":1}},"line":72},"4":{"name":"applyActions","decl":{"start":{"line":101,"column":7},"end":{"line":188,"column":1}},"loc":{"start":{"line":101,"column":7},"end":{"line":188,"column":1}},"line":101},"5":{"name":"runTickForEntity","decl":{"start":{"line":191,"column":7},"end":{"line":202,"column":1}},"loc":{"start":{"line":191,"column":7},"end":{"line":202,"column":1}},"line":191},"6":{"name":"runPreDamage","decl":{"start":{"line":204,"column":7},"end":{"line":213,"column":1}},"loc":{"start":{"line":204,"column":7},"end":{"line":213,"column":1}},"line":204},"7":{"name":"processEntityTurn","decl":{"start":{"line":216,"column":7},"end":{"line":226,"column":1}},"loc":{"start":{"line":216,"column":7},"end":{"line":226,"column":1}},"line":216},"8":{"name":"applyStatusWithEngine","decl":{"start":{"line":228,"column":7},"end":{"line":240,"column":1}},"loc":{"start":{"line":228,"column":7},"end":{"line":240,"column":1}},"line":228},"9":{"name":"processDamageWithEngine","decl":{"start":{"line":242,"column":7},"end":{"line":248,"column":1}},"loc":{"start":{"line":242,"column":7},"end":{"line":248,"column":1}},"line":242}},"f":{"0":22,"1":20,"2":15,"3":15,"4":19,"5":2,"6":2,"7":3,"8":2,"9":2}}
}
